INFO: [Common 17-701] A license check has taken more than 10 seconds to complete. This may indicate that there is a performance issue with one or more license servers listed in XILINXD_LICENSE_FILE or LM_LICENSE_FILE, or that the license servers are just not responding at all. Try setting the FLEXLM_DIAGNOSTICS environment variable to 3 and running Vivado again to get more information.
#-----------------------------------------------------------
# Vivado v2014.2 (64-bit)
# SW Build 932637 on Wed Jun 11 13:33:10 MDT 2014
# IP Build 924643 on Fri May 30 09:20:16 MDT 2014
# Start of session at: Mon Nov 09 02:36:06 2015
# Process ID: 10988
# Log file: C:/Users/DOUYOUZHE/Desktop/4444422222111118888/AAAEEESSS/AAAEEESSS.sdk/webtalk/vivado.log
# Journal file: C:/Users/DOUYOUZHE/Desktop/4444422222111118888/AAAEEESSS/AAAEEESSS.sdk/webtalk\vivado.jou
#-----------------------------------------------------------
source sdk.tcl
# webtalk_init -webtalk_dir C:\\Users\\DOUYOUZHE\\Desktop\\4444422222111118888\\AAAEEESSS\\AAAEEESSS.sdk\\webtalk
# webtalk_register_client -client project
# webtalk_add_data -client project -key date_generated -value "Mon Nov 9 02:35:51 2015" -context "software_version_and_target_device"
# webtalk_add_data -client project -key product_version -value "SDK v2014.2" -context "software_version_and_target_device"
# webtalk_add_data -client project -key build_version -value "2014.2" -context "software_version_and_target_device"
# webtalk_add_data -client project -key os_platform -value "amd64" -context "software_version_and_target_device"
# webtalk_add_data -client project -key registration_id -value "174413354_207303390_210602269_547" -context "software_version_and_target_device"
# webtalk_add_data -client project -key tool_flow -value "SDK" -context "software_version_and_target_device"
# webtalk_add_data -client project -key beta -value "false" -context "software_version_and_target_device"
# webtalk_add_data -client project -key route_design -value "NA" -context "software_version_and_target_device"
# webtalk_add_data -client project -key target_family -value "NA" -context "software_version_and_target_device"
# webtalk_add_data -client project -key target_device -value "NA" -context "software_version_and_target_device"
# webtalk_add_data -client project -key target_package -value "NA" -context "software_version_and_target_device"
# webtalk_add_data -client project -key target_speed -value "NA" -context "software_version_and_target_device"
# webtalk_add_data -client project -key random_id -value "nekf1bkeduh2l51arvihs0u991" -context "software_version_and_target_device"
# webtalk_add_data -client project -key project_id -value "2014.2_27" -context "software_version_and_target_device"
# webtalk_add_data -client project -key project_iteration -value "27" -context "software_version_and_target_device"
# webtalk_add_data -client project -key os_name -value "Microsoft Windows 8 or later , 64-bit" -context "user_environment"
# webtalk_add_data -client project -key os_release -value "major release  (build 9200)" -context "user_environment"
# webtalk_add_data -client project -key cpu_name -value "Intel(R) Core(TM) i7-4700MQ CPU @ 2.40GHz" -context "user_environment"
# webtalk_add_data -client project -key cpu_speed -value "2394 MHz" -context "user_environment"
# webtalk_add_data -client project -key total_processors -value "1" -context "user_environment"
# webtalk_add_data -client project -key system_ram -value "8.000 GB" -context "user_environment"
# webtalk_register_client -client sdk
# webtalk_add_data -client sdk -key uid -value "1447000645138" -context "sdk\\\\bsp/1447000645138"
# webtalk_add_data -client sdk -key hwid -value "1445947274119" -context "sdk\\\\bsp/1447000645138"
# webtalk_add_data -client sdk -key os -value "standalone" -context "sdk\\\\bsp/1447000645138"
# webtalk_add_data -client sdk -key apptemplate -value "empty_application" -context "sdk\\\\bsp/1447000645138"
# webtalk_add_data -client sdk -key uid -value "1447000657802" -context "sdk\\\\application/1447000657802"
# webtalk_add_data -client sdk -key hwid -value "1445947274119" -context "sdk\\\\application/1447000657802"
# webtalk_add_data -client sdk -key bspid -value "1447000645138" -context "sdk\\\\application/1447000657802"
# webtalk_add_data -client sdk -key newbsp -value "true" -context "sdk\\\\application/1447000657802"
# webtalk_add_data -client sdk -key os -value "standalone" -context "sdk\\\\application/1447000657802"
# webtalk_add_data -client sdk -key apptemplate -value "empty_application" -context "sdk\\\\application/1447000657802"
# webtalk_transmit -clientid 949399596 -regid "174413354_207303390_210602269_547" -xml C:\\Users\\DOUYOUZHE\\Desktop\\4444422222111118888\\AAAEEESSS\\AAAEEESSS.sdk\\webtalk\\usage_statistics_ext_sdk.xml -html C:\\Users\\DOUYOUZHE\\Desktop\\4444422222111118888\\AAAEEESSS\\AAAEEESSS.sdk\\webtalk\\usage_statistics_ext_sdk.html -wdm C:\\Users\\DOUYOUZHE\\Desktop\\4444422222111118888\\AAAEEESSS\\AAAEEESSS.sdk\\webtalk\\sdk.wdm -intro "<H3>SDK Usage Report</H3><BR>"

    while executing
"webtalk_transmit -clientid 949399596 -regid "174413354_207303390_210602269_547" -xml C:\\Users\\DOUYOUZHE\\Desktop\\4444422222111118888\\AAAEEESSS\\AA..."
    (file "sdk.tcl" line 35)
INFO: [Common 17-206] Exiting Vivado at Mon Nov 09 02:36:08 2015...
