Vivado Simulator 2014.2
Time resolution is 1 ps
Warning: There is an 'U'|'X'|'W'|'Z'|'-' in an arithmetic operand, the result will be 'X'(es).
Time: 0 ps  Iteration: 0  Process: /myip_v1_0/\inv_s_box_32(0)\/sbox_map/line__36  File: c:/users/douyouzhe/desktop/aes256version/ip_repo/myip_1.0/src/inv_s_box.vhd
Warning: CONV_INTEGER: There is an 'U'|'X'|'W'|'Z'|'-' in an arithmetic operand, and it has been converted to 0.
Time: 0 ps  Iteration: 0  Process: /myip_v1_0/\inv_s_box_32(0)\/sbox_map/line__36  File: c:/users/douyouzhe/desktop/aes256version/ip_repo/myip_1.0/src/inv_s_box.vhd
Warning: CONV_INTEGER: There is an 'U'|'X'|'W'|'Z'|'-' in an arithmetic operand, and it has been converted to 0.
Time: 0 ps  Iteration: 0  Process: /myip_v1_0/\inv_s_box_32(1)\/sbox_map/line__36  File: c:/users/douyouzhe/desktop/aes256version/ip_repo/myip_1.0/src/inv_s_box.vhd
Warning: CONV_INTEGER: There is an 'U'|'X'|'W'|'Z'|'-' in an arithmetic operand, and it has been converted to 0.
Time: 0 ps  Iteration: 0  Process: /myip_v1_0/\inv_s_box_32(2)\/sbox_map/line__36  File: c:/users/douyouzhe/desktop/aes256version/ip_repo/myip_1.0/src/inv_s_box.vhd
Warning: CONV_INTEGER: There is an 'U'|'X'|'W'|'Z'|'-' in an arithmetic operand, and it has been converted to 0.
Time: 0 ps  Iteration: 0  Process: /myip_v1_0/\inv_s_box_32(3)\/sbox_map/line__36  File: c:/users/douyouzhe/desktop/aes256version/ip_repo/myip_1.0/src/inv_s_box.vhd
Warning: CONV_INTEGER: There is an 'U'|'X'|'W'|'Z'|'-' in an arithmetic operand, and it has been converted to 0.
Time: 0 ps  Iteration: 0  Process: /myip_v1_0/\inv_s_box_32(4)\/sbox_map/line__36  File: c:/users/douyouzhe/desktop/aes256version/ip_repo/myip_1.0/src/inv_s_box.vhd
Warning: CONV_INTEGER: There is an 'U'|'X'|'W'|'Z'|'-' in an arithmetic operand, and it has been converted to 0.
Time: 0 ps  Iteration: 0  Process: /myip_v1_0/\inv_s_box_32(5)\/sbox_map/line__36  File: c:/users/douyouzhe/desktop/aes256version/ip_repo/myip_1.0/src/inv_s_box.vhd
Warning: CONV_INTEGER: There is an 'U'|'X'|'W'|'Z'|'-' in an arithmetic operand, and it has been converted to 0.
Time: 0 ps  Iteration: 0  Process: /myip_v1_0/\inv_s_box_32(6)\/sbox_map/line__36  File: c:/users/douyouzhe/desktop/aes256version/ip_repo/myip_1.0/src/inv_s_box.vhd
Warning: CONV_INTEGER: There is an 'U'|'X'|'W'|'Z'|'-' in an arithmetic operand, and it has been converted to 0.
Time: 0 ps  Iteration: 0  Process: /myip_v1_0/\inv_s_box_32(7)\/sbox_map/line__36  File: c:/users/douyouzhe/desktop/aes256version/ip_repo/myip_1.0/src/inv_s_box.vhd
Warning: CONV_INTEGER: There is an 'U'|'X'|'W'|'Z'|'-' in an arithmetic operand, and it has been converted to 0.
Time: 0 ps  Iteration: 0  Process: /myip_v1_0/\inv_s_box_32(8)\/sbox_map/line__36  File: c:/users/douyouzhe/desktop/aes256version/ip_repo/myip_1.0/src/inv_s_box.vhd
Warning: CONV_INTEGER: There is an 'U'|'X'|'W'|'Z'|'-' in an arithmetic operand, and it has been converted to 0.
Time: 0 ps  Iteration: 0  Process: /myip_v1_0/\inv_s_box_32(9)\/sbox_map/line__36  File: c:/users/douyouzhe/desktop/aes256version/ip_repo/myip_1.0/src/inv_s_box.vhd
Warning: CONV_INTEGER: There is an 'U'|'X'|'W'|'Z'|'-' in an arithmetic operand, and it has been converted to 0.
Time: 0 ps  Iteration: 0  Process: /myip_v1_0/\inv_s_box_32(10)\/sbox_map/line__36  File: c:/users/douyouzhe/desktop/aes256version/ip_repo/myip_1.0/src/inv_s_box.vhd
Warning: CONV_INTEGER: There is an 'U'|'X'|'W'|'Z'|'-' in an arithmetic operand, and it has been converted to 0.
Time: 0 ps  Iteration: 0  Process: /myip_v1_0/\inv_s_box_32(11)\/sbox_map/line__36  File: c:/users/douyouzhe/desktop/aes256version/ip_repo/myip_1.0/src/inv_s_box.vhd
Warning: CONV_INTEGER: There is an 'U'|'X'|'W'|'Z'|'-' in an arithmetic operand, and it has been converted to 0.
Time: 0 ps  Iteration: 0  Process: /myip_v1_0/\inv_s_box_32(12)\/sbox_map/line__36  File: c:/users/douyouzhe/desktop/aes256version/ip_repo/myip_1.0/src/inv_s_box.vhd
Warning: CONV_INTEGER: There is an 'U'|'X'|'W'|'Z'|'-' in an arithmetic operand, and it has been converted to 0.
Time: 0 ps  Iteration: 0  Process: /myip_v1_0/\inv_s_box_32(13)\/sbox_map/line__36  File: c:/users/douyouzhe/desktop/aes256version/ip_repo/myip_1.0/src/inv_s_box.vhd
Warning: CONV_INTEGER: There is an 'U'|'X'|'W'|'Z'|'-' in an arithmetic operand, and it has been converted to 0.
Time: 0 ps  Iteration: 0  Process: /myip_v1_0/\inv_s_box_32(14)\/sbox_map/line__36  File: c:/users/douyouzhe/desktop/aes256version/ip_repo/myip_1.0/src/inv_s_box.vhd
Warning: CONV_INTEGER: There is an 'U'|'X'|'W'|'Z'|'-' in an arithmetic operand, and it has been converted to 0.
Time: 0 ps  Iteration: 0  Process: /myip_v1_0/\inv_s_box_32(15)\/sbox_map/line__36  File: c:/users/douyouzhe/desktop/aes256version/ip_repo/myip_1.0/src/inv_s_box.vhd
Warning: CONV_INTEGER: There is an 'U'|'X'|'W'|'Z'|'-' in an arithmetic operand, and it has been converted to 0.
Time: 0 ps  Iteration: 0  Process: /myip_v1_0/\inv_s_box_32(16)\/sbox_map/line__36  File: c:/users/douyouzhe/desktop/aes256version/ip_repo/myip_1.0/src/inv_s_box.vhd
Warning: CONV_INTEGER: There is an 'U'|'X'|'W'|'Z'|'-' in an arithmetic operand, and it has been converted to 0.
Time: 0 ps  Iteration: 0  Process: /myip_v1_0/\inv_s_box_32(17)\/sbox_map/line__36  File: c:/users/douyouzhe/desktop/aes256version/ip_repo/myip_1.0/src/inv_s_box.vhd
Warning: CONV_INTEGER: There is an 'U'|'X'|'W'|'Z'|'-' in an arithmetic operand, and it has been converted to 0.
Time: 0 ps  Iteration: 0  Process: /myip_v1_0/\inv_s_box_32(18)\/sbox_map/line__36  File: c:/users/douyouzhe/desktop/aes256version/ip_repo/myip_1.0/src/inv_s_box.vhd
Warning: CONV_INTEGER: There is an 'U'|'X'|'W'|'Z'|'-' in an arithmetic operand, and it has been converted to 0.
Time: 0 ps  Iteration: 0  Process: /myip_v1_0/\inv_s_box_32(19)\/sbox_map/line__36  File: c:/users/douyouzhe/desktop/aes256version/ip_repo/myip_1.0/src/inv_s_box.vhd
Warning: CONV_INTEGER: There is an 'U'|'X'|'W'|'Z'|'-' in an arithmetic operand, and it has been converted to 0.
Time: 0 ps  Iteration: 0  Process: /myip_v1_0/\inv_s_box_32(20)\/sbox_map/line__36  File: c:/users/douyouzhe/desktop/aes256version/ip_repo/myip_1.0/src/inv_s_box.vhd
Warning: CONV_INTEGER: There is an 'U'|'X'|'W'|'Z'|'-' in an arithmetic operand, and it has been converted to 0.
Time: 0 ps  Iteration: 0  Process: /myip_v1_0/\inv_s_box_32(21)\/sbox_map/line__36  File: c:/users/douyouzhe/desktop/aes256version/ip_repo/myip_1.0/src/inv_s_box.vhd
Warning: CONV_INTEGER: There is an 'U'|'X'|'W'|'Z'|'-' in an arithmetic operand, and it has been converted to 0.
Time: 0 ps  Iteration: 0  Process: /myip_v1_0/\inv_s_box_32(22)\/sbox_map/line__36  File: c:/users/douyouzhe/desktop/aes256version/ip_repo/myip_1.0/src/inv_s_box.vhd
Warning: CONV_INTEGER: There is an 'U'|'X'|'W'|'Z'|'-' in an arithmetic operand, and it has been converted to 0.
Time: 0 ps  Iteration: 0  Process: /myip_v1_0/\inv_s_box_32(23)\/sbox_map/line__36  File: c:/users/douyouzhe/desktop/aes256version/ip_repo/myip_1.0/src/inv_s_box.vhd
Warning: CONV_INTEGER: There is an 'U'|'X'|'W'|'Z'|'-' in an arithmetic operand, and it has been converted to 0.
Time: 0 ps  Iteration: 0  Process: /myip_v1_0/\inv_s_box_32(24)\/sbox_map/line__36  File: c:/users/douyouzhe/desktop/aes256version/ip_repo/myip_1.0/src/inv_s_box.vhd
Warning: CONV_INTEGER: There is an 'U'|'X'|'W'|'Z'|'-' in an arithmetic operand, and it has been converted to 0.
Time: 0 ps  Iteration: 0  Process: /myip_v1_0/\inv_s_box_32(25)\/sbox_map/line__36  File: c:/users/douyouzhe/desktop/aes256version/ip_repo/myip_1.0/src/inv_s_box.vhd
Warning: CONV_INTEGER: There is an 'U'|'X'|'W'|'Z'|'-' in an arithmetic operand, and it has been converted to 0.
Time: 0 ps  Iteration: 0  Process: /myip_v1_0/\inv_s_box_32(26)\/sbox_map/line__36  File: c:/users/douyouzhe/desktop/aes256version/ip_repo/myip_1.0/src/inv_s_box.vhd
Warning: CONV_INTEGER: There is an 'U'|'X'|'W'|'Z'|'-' in an arithmetic operand, and it has been converted to 0.
Time: 0 ps  Iteration: 0  Process: /myip_v1_0/\inv_s_box_32(27)\/sbox_map/line__36  File: c:/users/douyouzhe/desktop/aes256version/ip_repo/myip_1.0/src/inv_s_box.vhd
Warning: CONV_INTEGER: There is an 'U'|'X'|'W'|'Z'|'-' in an arithmetic operand, and it has been converted to 0.
Time: 0 ps  Iteration: 0  Process: /myip_v1_0/\inv_s_box_32(28)\/sbox_map/line__36  File: c:/users/douyouzhe/desktop/aes256version/ip_repo/myip_1.0/src/inv_s_box.vhd
Warning: CONV_INTEGER: There is an 'U'|'X'|'W'|'Z'|'-' in an arithmetic operand, and it has been converted to 0.
Time: 0 ps  Iteration: 0  Process: /myip_v1_0/\inv_s_box_32(29)\/sbox_map/line__36  File: c:/users/douyouzhe/desktop/aes256version/ip_repo/myip_1.0/src/inv_s_box.vhd
Warning: CONV_INTEGER: There is an 'U'|'X'|'W'|'Z'|'-' in an arithmetic operand, and it has been converted to 0.
Time: 0 ps  Iteration: 0  Process: /myip_v1_0/\inv_s_box_32(30)\/sbox_map/line__36  File: c:/users/douyouzhe/desktop/aes256version/ip_repo/myip_1.0/src/inv_s_box.vhd
Warning: CONV_INTEGER: There is an 'U'|'X'|'W'|'Z'|'-' in an arithmetic operand, and it has been converted to 0.
Time: 0 ps  Iteration: 0  Process: /myip_v1_0/\inv_s_box_32(31)\/sbox_map/line__36  File: c:/users/douyouzhe/desktop/aes256version/ip_repo/myip_1.0/src/inv_s_box.vhd
