Copyright 1986-2014 Xilinx, Inc. All Rights Reserved.
---------------------------------------------------------------------------------------------------------------------------------------------------------
| Tool Version : Vivado v.2014.2 (win64) Build 932637 Wed Jun 11 13:33:10 MDT 2014
| Date         : Sun Nov 15 20:47:48 2015
| Host         : DOU running 64-bit major release  (build 9200)
| Command      : report_timing_summary -warn_on_violation -file design_1_wrapper_timing_summary_routed.rpt -pb design_1_wrapper_timing_summary_routed.pb
| Design       : design_1_wrapper
| Device       : 7z020-clg484
| Speed File   : -1  PRODUCTION 1.10 2014-03-13
---------------------------------------------------------------------------------------------------------------------------------------------------------

Timing Summary Report

------------------------------------------------------------------------------------------------
| Timer Settings
| --------------
------------------------------------------------------------------------------------------------

  Enable Multi Corner Analysis               :  Yes
  Enable Pessimism Removal                   :  Yes
  Pessimism Removal Resolution               :  Nearest Common Node
  Enable Input Delay Default Clock           :  No
  Enable Preset / Clear Arcs                 :  No
  Disable Flight Delays                      :  No

  Corner  Analyze    Analyze    
  Name    Max Paths  Min Paths  
  ------  ---------  ---------  
  Slow    Yes        Yes        
  Fast    Yes        Yes        



check_timing report

Table of Contents
-----------------
1. checking no_clock
2. checking constant clock
3. checking pulse_width_clock
4. checking unconstrained_internal_endpoints
5. checking no_input_delay
6. checking no_output_delay
7. checking multiple_clock
8. checking generated_clocks
9. checking loops
10. checking partial_input_delay
11. checking partial_output_delay
12. checking unexpandable_clocks
13. checking latch_loops

1. checking no_clock
--------------------
 There are 0 register/latch pins with no clock.


2. checking constant clock
--------------------------
 There are 0 register/latch pins with constant_clock.


3. checking pulse_width_clock
-----------------------------
 There are 0 register/latch pins which need pulse_width check


4. checking unconstrained_internal_endpoints
--------------------------------------------
 There are 0 pins that are not constrained for maximum delay.

 There are 0 pins that are not constrained for maximum delay due to constant clock.


5. checking no_input_delay
--------------------------
 There are 0 input ports with no input delay specified.

 There are 0 input ports with no input delay but user has a false path constraint.


6. checking no_output_delay
---------------------------
 There are 14 ports with no output delay specified. (HIGH)

 There are 0 ports with no output delay but user has a false path constraint

 There are 0 ports with no output delay but has a clock definition.


7. checking multiple_clock
--------------------------
 There are 0 register/latch pins with multiple clocks.


8. checking generated_clocks
----------------------------
 There are 0 generated clocks that are not connected to a clock source.


9. checking loops
-----------------
 There are 0 combinational loops in the design.


10. checking partial_input_delay
--------------------------------
 There are 0 input ports with partial input delay specified.


11. checking partial_output_delay
---------------------------------
 There are 0 ports with partial output delay specified.


12. checking unexpandable_clocks
--------------------------------
 There are 0 unexpandable clock pairs.


13. checking latch_loops
------------------------
 There are 0 combinational latch loops in the design through latch input



------------------------------------------------------------------------------------------------
| Design Timing Summary
| ---------------------
------------------------------------------------------------------------------------------------

    WNS(ns)      TNS(ns)  TNS Failing Endpoints  TNS Total Endpoints      WHS(ns)      THS(ns)  THS Failing Endpoints  THS Total Endpoints     WPWS(ns)     TPWS(ns)  TPWS Failing Endpoints  TPWS Total Endpoints  
    -------      -------  ---------------------  -------------------      -------      -------  ---------------------  -------------------     --------     --------  ----------------------  --------------------  
     -2.849    -1119.027                   1154                15454        0.022        0.000                      0                15436        3.750        0.000                       0                  6477  


Timing constraints are not met.


------------------------------------------------------------------------------------------------
| Clock Summary
| -------------
------------------------------------------------------------------------------------------------

Clock       Waveform(ns)       Period(ns)      Frequency(MHz)
-----       ------------       ----------      --------------
clk_fpga_0  {0.000 5.000}      10.000          100.000         
clk_fpga_1  {0.000 20.000}     40.000          25.000          


------------------------------------------------------------------------------------------------
| Intra Clock Table
| -----------------
------------------------------------------------------------------------------------------------

Clock             WNS(ns)      TNS(ns)  TNS Failing Endpoints  TNS Total Endpoints      WHS(ns)      THS(ns)  THS Failing Endpoints  THS Total Endpoints     WPWS(ns)     TPWS(ns)  TPWS Failing Endpoints  TPWS Total Endpoints  
-----             -------      -------  ---------------------  -------------------      -------      -------  ---------------------  -------------------     --------     --------  ----------------------  --------------------  
clk_fpga_0         -2.849    -1119.027                   1154                14923        0.024        0.000                      0                14923        3.750        0.000                       0                  6249  
clk_fpga_1         14.169        0.000                      0                  413        0.022        0.000                      0                  413       19.500        0.000                       0                   228  


------------------------------------------------------------------------------------------------
| Inter Clock Table
| -----------------
------------------------------------------------------------------------------------------------

From Clock    To Clock          WNS(ns)      TNS(ns)  TNS Failing Endpoints  TNS Total Endpoints      WHS(ns)      THS(ns)  THS Failing Endpoints  THS Total Endpoints  
----------    --------          -------      -------  ---------------------  -------------------      -------      -------  ---------------------  -------------------  
clk_fpga_1    clk_fpga_0         38.654        0.000                      0                    9                                                                        
clk_fpga_0    clk_fpga_1          8.561        0.000                      0                    9                                                                        


------------------------------------------------------------------------------------------------
| Other Path Groups Table
| -----------------------
------------------------------------------------------------------------------------------------

Path Group         From Clock         To Clock               WNS(ns)      TNS(ns)  TNS Failing Endpoints  TNS Total Endpoints      WHS(ns)      THS(ns)  THS Failing Endpoints  THS Total Endpoints  
----------         ----------         --------               -------      -------  ---------------------  -------------------      -------      -------  ---------------------  -------------------  
**async_default**  clk_fpga_0         clk_fpga_0               3.075        0.000                      0                  100        0.368        0.000                      0                  100  


------------------------------------------------------------------------------------------------
| Timing Details
| --------------
------------------------------------------------------------------------------------------------


---------------------------------------------------------------------------------------------------
From Clock:  clk_fpga_0
  To Clock:  clk_fpga_0

Setup :         1154  Failing Endpoints,  Worst Slack       -2.849ns,  Total Violation    -1119.027ns
Hold  :            0  Failing Endpoints,  Worst Slack        0.024ns,  Total Violation        0.000ns
PW    :            0  Failing Endpoints,  Worst Slack        3.750ns,  Total Violation        0.000ns
---------------------------------------------------------------------------------------------------


Max Delay Paths
--------------------------------------------------------------------------------------
Slack (VIOLATED) :        -2.849ns  (required time - arrival time)
  Source:                 design_1_i/myip_for_version_1_0/U0/Key_round_reg[0]/C
                            (rising edge-triggered cell FDRE clocked by clk_fpga_0  {rise@0.000ns fall@5.000ns period=10.000ns})
  Destination:            design_1_i/myip_for_version_1_0/U0/Key_Schedual_reg[14][4]/D
                            (rising edge-triggered cell FDRE clocked by clk_fpga_0  {rise@0.000ns fall@5.000ns period=10.000ns})
  Path Group:             clk_fpga_0
  Path Type:              Setup (Max at Slow Process Corner)
  Requirement:            10.000ns  (clk_fpga_0 rise@10.000ns - clk_fpga_0 rise@0.000ns)
  Data Path Delay:        12.718ns  (logic 2.517ns (19.790%)  route 10.201ns (80.210%))
  Logic Levels:           14  (LUT5=2 LUT6=11 MUXF7=1)
  Clock Path Skew:        -0.008ns (DCD - SCD + CPR)
    Destination Clock Delay (DCD):    4.066ns = ( 14.066 - 10.000 ) 
    Source Clock Delay      (SCD):    4.602ns
    Clock Pessimism Removal (CPR):    0.528ns
  Clock Uncertainty:      0.154ns  ((TSJ^2 + TIJ^2)^1/2 + DJ) / 2 + PE
    Total System Jitter     (TSJ):    0.071ns
    Total Input Jitter      (TIJ):    0.300ns
    Discrete Jitter          (DJ):    0.000ns
    Phase Error              (PE):    0.000ns

    Location             Delay type                Incr(ns)  Path(ns)    Netlist Resource(s)
  -------------------------------------------------------------------    -------------------
                         (clock clk_fpga_0 rise edge)
                                                      0.000     0.000 r  
    PS7_X0Y0             PS7                          0.000     0.000 r  design_1_i/processing_system7_0/inst/PS7_i/FCLKCLK[0]
                         net (fo=1, routed)           2.782     2.782    design_1_i/processing_system7_0/inst/FCLK_CLK_unbuffered[0]
    BUFGCTRL_X0Y16       BUFG (Prop_bufg_I_O)         0.101     2.883 r  design_1_i/processing_system7_0/inst/buffer_fclk_clk_0.FCLK_CLK_0_BUFG/O
                         net (fo=6250, routed)        1.719     4.602    design_1_i/myip_for_version_1_0/U0/ACLK
    SLICE_X82Y90                                                      r  design_1_i/myip_for_version_1_0/U0/Key_round_reg[0]/C
  -------------------------------------------------------------------    -------------------
    SLICE_X82Y90         FDRE (Prop_fdre_C_Q)         0.518     5.120 r  design_1_i/myip_for_version_1_0/U0/Key_round_reg[0]/Q
                         net (fo=1265, routed)        1.395     6.516    design_1_i/myip_for_version_1_0/U0/n_0_Key_round_reg[0]
    SLICE_X88Y90         LUT6 (Prop_lut6_I0_O)        0.124     6.640 f  design_1_i/myip_for_version_1_0/U0/g0_b0__2_i_40/O
                         net (fo=1, routed)           0.944     7.584    design_1_i/myip_for_version_1_0/U0/n_0_g0_b0__2_i_40
    SLICE_X86Y86         LUT6 (Prop_lut6_I0_O)        0.124     7.708 r  design_1_i/myip_for_version_1_0/U0/g0_b0__2_i_23/O
                         net (fo=1, routed)           0.596     8.304    design_1_i/myip_for_version_1_0/U0/n_0_g0_b0__2_i_23
    SLICE_X84Y85         LUT6 (Prop_lut6_I0_O)        0.124     8.428 r  design_1_i/myip_for_version_1_0/U0/g0_b0__2_i_5/O
                         net (fo=32, routed)          1.365     9.793    design_1_i/myip_for_version_1_0/U0/n_0_g0_b0__2_i_5
    SLICE_X87Y79         LUT6 (Prop_lut6_I4_O)        0.124     9.917 r  design_1_i/myip_for_version_1_0/U0/g0_b4__2/O
                         net (fo=2, routed)           0.561    10.478    design_1_i/myip_for_version_1_0/U0/n_0_g0_b4__2
    SLICE_X89Y77         LUT6 (Prop_lut6_I5_O)        0.124    10.602 r  design_1_i/myip_for_version_1_0/U0/Key_Schedual[146][4]_i_2/O
                         net (fo=8, routed)           0.764    11.367    design_1_i/myip_for_version_1_0/U0/n_0_Key_Schedual[146][4]_i_2
    SLICE_X93Y72         LUT5 (Prop_lut5_I3_O)        0.124    11.491 r  design_1_i/myip_for_version_1_0/U0/Key_Schedual[150][4]_i_11/O
                         net (fo=1, routed)           0.692    12.183    design_1_i/myip_for_version_1_0/U0/n_0_Key_Schedual[150][4]_i_11
    SLICE_X90Y73         LUT6 (Prop_lut6_I5_O)        0.124    12.307 r  design_1_i/myip_for_version_1_0/U0/Key_Schedual[150][4]_i_3/O
                         net (fo=11, routed)          0.389    12.696    design_1_i/myip_for_version_1_0/U0/n_0_Key_Schedual[150][4]_i_3
    SLICE_X92Y73         LUT6 (Prop_lut6_I3_O)        0.124    12.820 r  design_1_i/myip_for_version_1_0/U0/Key_Schedual[106][4]_i_10/O
                         net (fo=1, routed)           0.808    13.628    design_1_i/myip_for_version_1_0/U0/n_0_Key_Schedual[106][4]_i_10
    SLICE_X93Y74         LUT6 (Prop_lut6_I5_O)        0.124    13.752 r  design_1_i/myip_for_version_1_0/U0/Key_Schedual[106][4]_i_8/O
                         net (fo=1, routed)           0.000    13.752    design_1_i/myip_for_version_1_0/U0/n_0_Key_Schedual[106][4]_i_8
    SLICE_X93Y74         MUXF7 (Prop_muxf7_I0_O)      0.212    13.964 r  design_1_i/myip_for_version_1_0/U0/Key_Schedual_reg[106][4]_i_3/O
                         net (fo=10, routed)          0.551    14.515    design_1_i/myip_for_version_1_0/U0/n_0_Key_Schedual_reg[106][4]_i_3
    SLICE_X94Y75         LUT6 (Prop_lut6_I3_O)        0.299    14.814 r  design_1_i/myip_for_version_1_0/U0/Key_Schedual[138][4]_i_1/O
                         net (fo=2, routed)           0.793    15.607    design_1_i/myip_for_version_1_0/U0/n_0_Key_Schedual[138][4]_i_1
    SLICE_X96Y76         LUT5 (Prop_lut5_I4_O)        0.124    15.731 r  design_1_i/myip_for_version_1_0/U0/Key_Schedual[62][4]_i_3/O
                         net (fo=11, routed)          0.999    16.730    design_1_i/myip_for_version_1_0/U0/n_0_Key_Schedual[62][4]_i_3
    SLICE_X97Y79         LUT6 (Prop_lut6_I0_O)        0.124    16.854 r  design_1_i/myip_for_version_1_0/U0/Key_Schedual[14][4]_i_2/O
                         net (fo=1, routed)           0.343    17.197    design_1_i/myip_for_version_1_0/U0/n_0_Key_Schedual[14][4]_i_2
    SLICE_X97Y80         LUT6 (Prop_lut6_I4_O)        0.124    17.321 r  design_1_i/myip_for_version_1_0/U0/Key_Schedual[14][4]_i_1/O
                         net (fo=1, routed)           0.000    17.321    design_1_i/myip_for_version_1_0/U0/Key_Schedual[14]_13[4]
    SLICE_X97Y80         FDRE                                         r  design_1_i/myip_for_version_1_0/U0/Key_Schedual_reg[14][4]/D
  -------------------------------------------------------------------    -------------------

                         (clock clk_fpga_0 rise edge)
                                                     10.000    10.000 r  
    PS7_X0Y0             PS7                          0.000    10.000 r  design_1_i/processing_system7_0/inst/PS7_i/FCLKCLK[0]
                         net (fo=1, routed)           2.378    12.378    design_1_i/processing_system7_0/inst/FCLK_CLK_unbuffered[0]
    BUFGCTRL_X0Y16       BUFG (Prop_bufg_I_O)         0.091    12.469 r  design_1_i/processing_system7_0/inst/buffer_fclk_clk_0.FCLK_CLK_0_BUFG/O
                         net (fo=6250, routed)        1.597    14.066    design_1_i/myip_for_version_1_0/U0/ACLK
    SLICE_X97Y80                                                      r  design_1_i/myip_for_version_1_0/U0/Key_Schedual_reg[14][4]/C
                         clock pessimism              0.528    14.594    
                         clock uncertainty           -0.154    14.440    
    SLICE_X97Y80         FDRE (Setup_fdre_C_D)        0.032    14.472    design_1_i/myip_for_version_1_0/U0/Key_Schedual_reg[14][4]
  -------------------------------------------------------------------
                         required time                         14.472    
                         arrival time                         -17.321    
  -------------------------------------------------------------------
                         slack                                 -2.849    





Min Delay Paths
--------------------------------------------------------------------------------------
Slack (MET) :             0.024ns  (arrival time - required time)
  Source:                 design_1_i/axi_tft_0/U0/TFT_CTRL_I/AXI_BRAM_data_i_reg[29]/C
                            (rising edge-triggered cell FDRE clocked by clk_fpga_0  {rise@0.000ns fall@5.000ns period=10.000ns})
  Destination:            design_1_i/axi_tft_0/U0/TFT_CTRL_I/LINE_BUFFER_U4/RAM/USE_2N_DEPTH.V6_S6_AND_LATER.I_ASYNC_FIFO_BRAM/inst_fifo_gen/gconvfifo.rf/grf.rf/gntv_or_sync_fifo.mem/gbm.gbmg.gbmga.ngecc.bmg/inst_blk_mem_gen/gnativebmg.native_blk_mem_gen/valid.cstr/ramloop[0].ram.r/prim_noinit.ram/DEVICE_7SERIES.NO_BMM_INFO.SDP.WIDE_PRIM18.ram/DIADI[0]
                            (rising edge-triggered cell RAMB18E1 clocked by clk_fpga_0  {rise@0.000ns fall@5.000ns period=10.000ns})
  Path Group:             clk_fpga_0
  Path Type:              Hold (Min at Fast Process Corner)
  Requirement:            0.000ns  (clk_fpga_0 rise@0.000ns - clk_fpga_0 rise@0.000ns)
  Data Path Delay:        0.325ns  (logic 0.128ns (39.423%)  route 0.197ns (60.577%))
  Logic Levels:           0  
  Clock Path Skew:        0.058ns (DCD - SCD - CPR)
    Destination Clock Delay (DCD):    2.326ns
    Source Clock Delay      (SCD):    1.834ns
    Clock Pessimism Removal (CPR):    0.433ns

    Location             Delay type                Incr(ns)  Path(ns)    Netlist Resource(s)
  -------------------------------------------------------------------    -------------------
                         (clock clk_fpga_0 rise edge)
                                                      0.000     0.000 r  
    PS7_X0Y0             PS7                          0.000     0.000 r  design_1_i/processing_system7_0/inst/PS7_i/FCLKCLK[0]
                         net (fo=1, routed)           1.168     1.168    design_1_i/processing_system7_0/inst/FCLK_CLK_unbuffered[0]
    BUFGCTRL_X0Y16       BUFG (Prop_bufg_I_O)         0.026     1.194 r  design_1_i/processing_system7_0/inst/buffer_fclk_clk_0.FCLK_CLK_0_BUFG/O
                         net (fo=6250, routed)        0.640     1.834    design_1_i/axi_tft_0/U0/TFT_CTRL_I/m_axi_aclk
    SLICE_X33Y105                                                     r  design_1_i/axi_tft_0/U0/TFT_CTRL_I/AXI_BRAM_data_i_reg[29]/C
  -------------------------------------------------------------------    -------------------
    SLICE_X33Y105        FDRE (Prop_fdre_C_Q)         0.128     1.962 r  design_1_i/axi_tft_0/U0/TFT_CTRL_I/AXI_BRAM_data_i_reg[29]/Q
                         net (fo=1, routed)           0.197     2.159    design_1_i/axi_tft_0/U0/TFT_CTRL_I/LINE_BUFFER_U4/RAM/USE_2N_DEPTH.V6_S6_AND_LATER.I_ASYNC_FIFO_BRAM/inst_fifo_gen/gconvfifo.rf/grf.rf/gntv_or_sync_fifo.mem/gbm.gbmg.gbmga.ngecc.bmg/inst_blk_mem_gen/gnativebmg.native_blk_mem_gen/valid.cstr/ramloop[0].ram.r/prim_noinit.ram/I1[18]
    RAMB18_X2Y42         RAMB18E1                                     r  design_1_i/axi_tft_0/U0/TFT_CTRL_I/LINE_BUFFER_U4/RAM/USE_2N_DEPTH.V6_S6_AND_LATER.I_ASYNC_FIFO_BRAM/inst_fifo_gen/gconvfifo.rf/grf.rf/gntv_or_sync_fifo.mem/gbm.gbmg.gbmga.ngecc.bmg/inst_blk_mem_gen/gnativebmg.native_blk_mem_gen/valid.cstr/ramloop[0].ram.r/prim_noinit.ram/DEVICE_7SERIES.NO_BMM_INFO.SDP.WIDE_PRIM18.ram/DIADI[0]
  -------------------------------------------------------------------    -------------------

                         (clock clk_fpga_0 rise edge)
                                                      0.000     0.000 r  
    PS7_X0Y0             PS7                          0.000     0.000 r  design_1_i/processing_system7_0/inst/PS7_i/FCLKCLK[0]
                         net (fo=1, routed)           1.343     1.343    design_1_i/processing_system7_0/inst/FCLK_CLK_unbuffered[0]
    BUFGCTRL_X0Y16       BUFG (Prop_bufg_I_O)         0.029     1.372 r  design_1_i/processing_system7_0/inst/buffer_fclk_clk_0.FCLK_CLK_0_BUFG/O
                         net (fo=6250, routed)        0.953     2.326    design_1_i/axi_tft_0/U0/TFT_CTRL_I/LINE_BUFFER_U4/RAM/USE_2N_DEPTH.V6_S6_AND_LATER.I_ASYNC_FIFO_BRAM/inst_fifo_gen/gconvfifo.rf/grf.rf/gntv_or_sync_fifo.mem/gbm.gbmg.gbmga.ngecc.bmg/inst_blk_mem_gen/gnativebmg.native_blk_mem_gen/valid.cstr/ramloop[0].ram.r/prim_noinit.ram/m_axi_aclk
    RAMB18_X2Y42                                                      r  design_1_i/axi_tft_0/U0/TFT_CTRL_I/LINE_BUFFER_U4/RAM/USE_2N_DEPTH.V6_S6_AND_LATER.I_ASYNC_FIFO_BRAM/inst_fifo_gen/gconvfifo.rf/grf.rf/gntv_or_sync_fifo.mem/gbm.gbmg.gbmga.ngecc.bmg/inst_blk_mem_gen/gnativebmg.native_blk_mem_gen/valid.cstr/ramloop[0].ram.r/prim_noinit.ram/DEVICE_7SERIES.NO_BMM_INFO.SDP.WIDE_PRIM18.ram/CLKBWRCLK
                         clock pessimism             -0.433     1.893    
    RAMB18_X2Y42         RAMB18E1 (Hold_ramb18e1_CLKBWRCLK_DIADI[0])
                                                      0.242     2.135    design_1_i/axi_tft_0/U0/TFT_CTRL_I/LINE_BUFFER_U4/RAM/USE_2N_DEPTH.V6_S6_AND_LATER.I_ASYNC_FIFO_BRAM/inst_fifo_gen/gconvfifo.rf/grf.rf/gntv_or_sync_fifo.mem/gbm.gbmg.gbmga.ngecc.bmg/inst_blk_mem_gen/gnativebmg.native_blk_mem_gen/valid.cstr/ramloop[0].ram.r/prim_noinit.ram/DEVICE_7SERIES.NO_BMM_INFO.SDP.WIDE_PRIM18.ram
  -------------------------------------------------------------------
                         required time                         -2.135    
                         arrival time                           2.159    
  -------------------------------------------------------------------
                         slack                                  0.024    





Pulse Width Checks
--------------------------------------------------------------------------------------
Clock Name:         clk_fpga_0
Waveform:           { 0 5 }
Period:             10.000
Sources:            { design_1_i/processing_system7_0/inst/PS7_i/FCLKCLK[0] }

Check Type        Corner  Lib Pin             Reference Pin  Required  Actual  Slack  Location      Pin
Min Period        n/a     RAMB36E1/CLKARDCLK  n/a            2.944     10.000  7.056  RAMB36_X3Y24  design_1_i/axi_dma_0/U0/I_PRMRY_DATAMOVER/GEN_MM2S_FULL.I_MM2S_FULL_WRAPPER/GEN_INCLUDE_MM2S_SF.I_RD_SF/I_DATA_FIFO/BLK_MEM.I_SYNC_FIFOGEN_FIFO/FAMILY_SUPPORTED.I_SYNC_FIFO_BRAM/inst_fifo_gen/gconvfifo.rf/grf.rf/gntv_or_sync_fifo.mem/gbm.gbmg.gbmgb.ngecc.bmg/inst_blk_mem_gen/gnativebmg.native_blk_mem_gen/valid.cstr/ramloop[0].ram.r/prim_noinit.ram/DEVICE_7SERIES.NO_BMM_INFO.SDP.WIDE_PRIM36.ram/CLKARDCLK
Low Pulse Width   Slow    RAMD32/CLK          n/a            1.250     5.000   3.750  SLICE_X50Y77  design_1_i/axi_dma_0/U0/I_PRMRY_DATAMOVER/GEN_S2MM_FULL.I_S2MM_FULL_WRAPPER/GEN_ENABLE_INDET_BTT_SF.I_INDET_BTT/I_XD_FIFO/NON_BLK_MEM.I_SYNC_FIFOGEN_FIFO/FAMILY_SUPPORTED.I_SYNC_FIFO_BRAM/inst_fifo_gen/gconvfifo.rf/grf.rf/gntv_or_sync_fifo.mem/gdm.dm/RAM_reg_0_7_0_5/RAMA/CLK
High Pulse Width  Fast    RAMD32/CLK          n/a            1.250     5.000   3.750  SLICE_X50Y77  design_1_i/axi_dma_0/U0/I_PRMRY_DATAMOVER/GEN_S2MM_FULL.I_S2MM_FULL_WRAPPER/GEN_ENABLE_INDET_BTT_SF.I_INDET_BTT/I_XD_FIFO/NON_BLK_MEM.I_SYNC_FIFOGEN_FIFO/FAMILY_SUPPORTED.I_SYNC_FIFO_BRAM/inst_fifo_gen/gconvfifo.rf/grf.rf/gntv_or_sync_fifo.mem/gdm.dm/RAM_reg_0_7_0_5/RAMA/CLK



---------------------------------------------------------------------------------------------------
From Clock:  clk_fpga_1
  To Clock:  clk_fpga_1

Setup :            0  Failing Endpoints,  Worst Slack       14.169ns,  Total Violation        0.000ns
Hold  :            0  Failing Endpoints,  Worst Slack        0.022ns,  Total Violation        0.000ns
PW    :            0  Failing Endpoints,  Worst Slack       19.500ns,  Total Violation        0.000ns
---------------------------------------------------------------------------------------------------


Max Delay Paths
--------------------------------------------------------------------------------------
Slack (MET) :             14.169ns  (required time - arrival time)
  Source:                 design_1_i/axi_tft_0/U0/TFT_CTRL_I/TFT_ON_TFT_SYNC/GENERATE_LEVEL_P_S_CDC.SINGLE_BIT.CROSS_PLEVEL_IN2SCNDRY_s_level_out_d2/C
                            (rising edge-triggered cell FDRE clocked by clk_fpga_1  {rise@0.000ns fall@20.000ns period=40.000ns})
  Destination:            design_1_i/axi_tft_0/U0/TFT_CTRL_I/TFT_IF_U5/gen_vga_if.FDR_B0/R
                            (falling edge-triggered cell FDRE clocked by clk_fpga_1  {rise@0.000ns fall@20.000ns period=40.000ns})
  Path Group:             clk_fpga_1
  Path Type:              Setup (Max at Slow Process Corner)
  Requirement:            20.000ns  (clk_fpga_1 fall@20.000ns - clk_fpga_1 rise@0.000ns)
  Data Path Delay:        4.609ns  (logic 0.580ns (12.584%)  route 4.029ns (87.416%))
  Logic Levels:           1  (LUT3=1)
  Clock Path Skew:        -0.102ns (DCD - SCD + CPR)
    Destination Clock Delay (DCD):    4.085ns = ( 24.085 - 20.000 ) 
    Source Clock Delay      (SCD):    4.613ns
    Clock Pessimism Removal (CPR):    0.426ns
  Clock Uncertainty:      0.601ns  ((TSJ^2 + TIJ^2)^1/2 + DJ) / 2 + PE
    Total System Jitter     (TSJ):    0.071ns
    Total Input Jitter      (TIJ):    1.200ns
    Discrete Jitter          (DJ):    0.000ns
    Phase Error              (PE):    0.000ns

    Location             Delay type                Incr(ns)  Path(ns)    Netlist Resource(s)
  -------------------------------------------------------------------    -------------------
                         (clock clk_fpga_1 rise edge)
                                                      0.000     0.000 r  
    PS7_X0Y0             PS7                          0.000     0.000 r  design_1_i/processing_system7_0/inst/PS7_i/FCLKCLK[1]
                         net (fo=1, routed)           2.668     2.668    design_1_i/processing_system7_0/inst/FCLK_CLK_unbuffered[1]
    BUFGCTRL_X0Y17       BUFG (Prop_bufg_I_O)         0.101     2.769 r  design_1_i/processing_system7_0/inst/buffer_fclk_clk_1.FCLK_CLK_1_BUFG/O
                         net (fo=227, routed)         1.844     4.613    design_1_i/axi_tft_0/U0/TFT_CTRL_I/TFT_ON_TFT_SYNC/sys_tft_clk
    SLICE_X40Y100                                                     r  design_1_i/axi_tft_0/U0/TFT_CTRL_I/TFT_ON_TFT_SYNC/GENERATE_LEVEL_P_S_CDC.SINGLE_BIT.CROSS_PLEVEL_IN2SCNDRY_s_level_out_d2/C
  -------------------------------------------------------------------    -------------------
    SLICE_X40Y100        FDRE (Prop_fdre_C_Q)         0.456     5.069 f  design_1_i/axi_tft_0/U0/TFT_CTRL_I/TFT_ON_TFT_SYNC/GENERATE_LEVEL_P_S_CDC.SINGLE_BIT.CROSS_PLEVEL_IN2SCNDRY_s_level_out_d2/Q
                         net (fo=1, routed)           1.553     6.622    design_1_i/axi_tft_0/U0/TFT_CTRL_I/I2C_DONE_SYNC/scndry_out
    SLICE_X42Y116        LUT3 (Prop_lut3_I1_O)        0.124     6.746 r  design_1_i/axi_tft_0/U0/TFT_CTRL_I/I2C_DONE_SYNC/FDS_HSYNC_i_1/O
                         net (fo=48, routed)          2.476     9.222    design_1_i/axi_tft_0/U0/TFT_CTRL_I/TFT_IF_U5/tft_rst
    SLICE_X54Y105        FDRE                                         r  design_1_i/axi_tft_0/U0/TFT_CTRL_I/TFT_IF_U5/gen_vga_if.FDR_B0/R
  -------------------------------------------------------------------    -------------------

                         (clock clk_fpga_1 fall edge)
                                                     20.000    20.000 f  
    PS7_X0Y0             PS7                          0.000    20.000 f  design_1_i/processing_system7_0/inst/PS7_i/FCLKCLK[1]
                         net (fo=1, routed)           2.284    22.284    design_1_i/processing_system7_0/inst/FCLK_CLK_unbuffered[1]
    BUFGCTRL_X0Y17       BUFG (Prop_bufg_I_O)         0.091    22.375 f  design_1_i/processing_system7_0/inst/buffer_fclk_clk_1.FCLK_CLK_1_BUFG/O
                         net (fo=227, routed)         1.710    24.085    design_1_i/axi_tft_0/U0/TFT_CTRL_I/TFT_IF_U5/I1
    SLICE_X54Y105                                                     r  design_1_i/axi_tft_0/U0/TFT_CTRL_I/TFT_IF_U5/gen_vga_if.FDR_B0/C  (IS_INVERTED)
                         clock pessimism              0.426    24.510    
                         clock uncertainty           -0.601    23.909    
    SLICE_X54Y105        FDRE (Setup_fdre_C_R)       -0.519    23.390    design_1_i/axi_tft_0/U0/TFT_CTRL_I/TFT_IF_U5/gen_vga_if.FDR_B0
  -------------------------------------------------------------------
                         required time                         23.390    
                         arrival time                          -9.222    
  -------------------------------------------------------------------
                         slack                                 14.169    





Min Delay Paths
--------------------------------------------------------------------------------------
Slack (MET) :             0.022ns  (arrival time - required time)
  Source:                 design_1_i/axi_tft_0/U0/TFT_CTRL_I/LINE_BUFFER_U4/BRAM_TFT_B_data_reg[1]/C
                            (rising edge-triggered cell FDRE clocked by clk_fpga_1  {rise@0.000ns fall@20.000ns period=40.000ns})
  Destination:            design_1_i/axi_tft_0/U0/TFT_CTRL_I/LINE_BUFFER_U4/BLUE_reg[1]/D
                            (rising edge-triggered cell FDRE clocked by clk_fpga_1  {rise@0.000ns fall@20.000ns period=40.000ns})
  Path Group:             clk_fpga_1
  Path Type:              Hold (Min at Fast Process Corner)
  Requirement:            0.000ns  (clk_fpga_1 rise@0.000ns - clk_fpga_1 rise@0.000ns)
  Data Path Delay:        0.295ns  (logic 0.128ns (43.430%)  route 0.167ns (56.570%))
  Logic Levels:           0  
  Clock Path Skew:        0.260ns (DCD - SCD - CPR)
    Destination Clock Delay (DCD):    2.224ns
    Source Clock Delay      (SCD):    1.787ns
    Clock Pessimism Removal (CPR):    0.177ns

    Location             Delay type                Incr(ns)  Path(ns)    Netlist Resource(s)
  -------------------------------------------------------------------    -------------------
                         (clock clk_fpga_1 rise edge)
                                                      0.000     0.000 r  
    PS7_X0Y0             PS7                          0.000     0.000 r  design_1_i/processing_system7_0/inst/PS7_i/FCLKCLK[1]
                         net (fo=1, routed)           1.124     1.124    design_1_i/processing_system7_0/inst/FCLK_CLK_unbuffered[1]
    BUFGCTRL_X0Y17       BUFG (Prop_bufg_I_O)         0.026     1.150 r  design_1_i/processing_system7_0/inst/buffer_fclk_clk_1.FCLK_CLK_1_BUFG/O
                         net (fo=227, routed)         0.637     1.787    design_1_i/axi_tft_0/U0/TFT_CTRL_I/LINE_BUFFER_U4/sys_tft_clk
    SLICE_X48Y106                                                     r  design_1_i/axi_tft_0/U0/TFT_CTRL_I/LINE_BUFFER_U4/BRAM_TFT_B_data_reg[1]/C
  -------------------------------------------------------------------    -------------------
    SLICE_X48Y106        FDRE (Prop_fdre_C_Q)         0.128     1.915 r  design_1_i/axi_tft_0/U0/TFT_CTRL_I/LINE_BUFFER_U4/BRAM_TFT_B_data_reg[1]/Q
                         net (fo=1, routed)           0.167     2.082    design_1_i/axi_tft_0/U0/TFT_CTRL_I/LINE_BUFFER_U4/n_0_BRAM_TFT_B_data_reg[1]
    SLICE_X53Y106        FDRE                                         r  design_1_i/axi_tft_0/U0/TFT_CTRL_I/LINE_BUFFER_U4/BLUE_reg[1]/D
  -------------------------------------------------------------------    -------------------

                         (clock clk_fpga_1 rise edge)
                                                      0.000     0.000 r  
    PS7_X0Y0             PS7                          0.000     0.000 r  design_1_i/processing_system7_0/inst/PS7_i/FCLKCLK[1]
                         net (fo=1, routed)           1.289     1.289    design_1_i/processing_system7_0/inst/FCLK_CLK_unbuffered[1]
    BUFGCTRL_X0Y17       BUFG (Prop_bufg_I_O)         0.029     1.318 r  design_1_i/processing_system7_0/inst/buffer_fclk_clk_1.FCLK_CLK_1_BUFG/O
                         net (fo=227, routed)         0.906     2.224    design_1_i/axi_tft_0/U0/TFT_CTRL_I/LINE_BUFFER_U4/sys_tft_clk
    SLICE_X53Y106                                                     r  design_1_i/axi_tft_0/U0/TFT_CTRL_I/LINE_BUFFER_U4/BLUE_reg[1]/C
                         clock pessimism             -0.177     2.047    
    SLICE_X53Y106        FDRE (Hold_fdre_C_D)         0.012     2.059    design_1_i/axi_tft_0/U0/TFT_CTRL_I/LINE_BUFFER_U4/BLUE_reg[1]
  -------------------------------------------------------------------
                         required time                         -2.059    
                         arrival time                           2.082    
  -------------------------------------------------------------------
                         slack                                  0.022    





Pulse Width Checks
--------------------------------------------------------------------------------------
Clock Name:         clk_fpga_1
Waveform:           { 0 20 }
Period:             40.000
Sources:            { design_1_i/processing_system7_0/inst/PS7_i/FCLKCLK[1] }

Check Type        Corner  Lib Pin             Reference Pin  Required  Actual  Slack   Location       Pin
Min Period        n/a     RAMB18E1/CLKARDCLK  n/a            2.576     40.000  37.424  RAMB18_X2Y42   design_1_i/axi_tft_0/U0/TFT_CTRL_I/LINE_BUFFER_U4/RAM/USE_2N_DEPTH.V6_S6_AND_LATER.I_ASYNC_FIFO_BRAM/inst_fifo_gen/gconvfifo.rf/grf.rf/gntv_or_sync_fifo.mem/gbm.gbmg.gbmga.ngecc.bmg/inst_blk_mem_gen/gnativebmg.native_blk_mem_gen/valid.cstr/ramloop[0].ram.r/prim_noinit.ram/DEVICE_7SERIES.NO_BMM_INFO.SDP.WIDE_PRIM18.ram/CLKARDCLK
Low Pulse Width   Slow    FDRE/C              n/a            0.500     20.000  19.500  SLICE_X41Y143  design_1_i/axi_tft_0/U0/TFT_CTRL_I/HSYNC_U2/H_pix_cnt_tc_reg/C
High Pulse Width  Slow    FDRE/C              n/a            0.500     20.000  19.500  SLICE_X54Y105  design_1_i/axi_tft_0/U0/TFT_CTRL_I/TFT_IF_U5/gen_vga_if.FDR_B0/C



---------------------------------------------------------------------------------------------------
From Clock:  clk_fpga_1
  To Clock:  clk_fpga_0

Setup :            0  Failing Endpoints,  Worst Slack       38.654ns,  Total Violation        0.000ns
Hold  :               Failing Endpoints,  Worst Slack               ,  Total Violation             
---------------------------------------------------------------------------------------------------


Max Delay Paths
--------------------------------------------------------------------------------------
Slack (MET) :             38.654ns  (required time - arrival time)
  Source:                 design_1_i/axi_tft_0/U0/TFT_CTRL_I/LINE_BUFFER_U4/RAM/USE_2N_DEPTH.V6_S6_AND_LATER.I_ASYNC_FIFO_BRAM/inst_fifo_gen/gconvfifo.rf/grf.rf/gntv_or_sync_fifo.gcx.clkx/rd_pntr_gc_reg[7]/C
                            (rising edge-triggered cell FDCE clocked by clk_fpga_1)
  Destination:            design_1_i/axi_tft_0/U0/TFT_CTRL_I/LINE_BUFFER_U4/RAM/USE_2N_DEPTH.V6_S6_AND_LATER.I_ASYNC_FIFO_BRAM/inst_fifo_gen/gconvfifo.rf/grf.rf/gntv_or_sync_fifo.gcx.clkx/gsync_stage[1].wr_stg_inst/Q_reg_reg[7]/D
                            (rising edge-triggered cell FDCE clocked by clk_fpga_0)
  Path Group:             clk_fpga_0
  Path Type:              Setup (Max at Slow Process Corner)
  Requirement:            40.000ns  (MaxDelay Path 40.000ns)
  Data Path Delay:        1.111ns  (logic 0.419ns (37.703%)  route 0.692ns (62.297%))
  Logic Levels:           0  
  Timing Exception:       MaxDelay Path 40.000ns -datapath_only

    Location             Delay type                Incr(ns)  Path(ns)    Netlist Resource(s)
  -------------------------------------------------------------------    -------------------
    SLICE_X52Y115                                     0.000     0.000 r  design_1_i/axi_tft_0/U0/TFT_CTRL_I/LINE_BUFFER_U4/RAM/USE_2N_DEPTH.V6_S6_AND_LATER.I_ASYNC_FIFO_BRAM/inst_fifo_gen/gconvfifo.rf/grf.rf/gntv_or_sync_fifo.gcx.clkx/rd_pntr_gc_reg[7]/C
    SLICE_X52Y115        FDCE (Prop_fdce_C_Q)         0.419     0.419 r  design_1_i/axi_tft_0/U0/TFT_CTRL_I/LINE_BUFFER_U4/RAM/USE_2N_DEPTH.V6_S6_AND_LATER.I_ASYNC_FIFO_BRAM/inst_fifo_gen/gconvfifo.rf/grf.rf/gntv_or_sync_fifo.gcx.clkx/rd_pntr_gc_reg[7]/Q
                         net (fo=1, routed)           0.692     1.111    design_1_i/axi_tft_0/U0/TFT_CTRL_I/LINE_BUFFER_U4/RAM/USE_2N_DEPTH.V6_S6_AND_LATER.I_ASYNC_FIFO_BRAM/inst_fifo_gen/gconvfifo.rf/grf.rf/gntv_or_sync_fifo.gcx.clkx/gsync_stage[1].wr_stg_inst/I1[7]
    SLICE_X55Y115        FDCE                                         r  design_1_i/axi_tft_0/U0/TFT_CTRL_I/LINE_BUFFER_U4/RAM/USE_2N_DEPTH.V6_S6_AND_LATER.I_ASYNC_FIFO_BRAM/inst_fifo_gen/gconvfifo.rf/grf.rf/gntv_or_sync_fifo.gcx.clkx/gsync_stage[1].wr_stg_inst/Q_reg_reg[7]/D
  -------------------------------------------------------------------    -------------------

                         max delay                   40.000    40.000    
    SLICE_X55Y115        FDCE (Setup_fdce_C_D)       -0.235    39.765    design_1_i/axi_tft_0/U0/TFT_CTRL_I/LINE_BUFFER_U4/RAM/USE_2N_DEPTH.V6_S6_AND_LATER.I_ASYNC_FIFO_BRAM/inst_fifo_gen/gconvfifo.rf/grf.rf/gntv_or_sync_fifo.gcx.clkx/gsync_stage[1].wr_stg_inst/Q_reg_reg[7]
  -------------------------------------------------------------------
                         required time                         39.765    
                         arrival time                          -1.111    
  -------------------------------------------------------------------
                         slack                                 38.654    





---------------------------------------------------------------------------------------------------
From Clock:  clk_fpga_0
  To Clock:  clk_fpga_1

Setup :            0  Failing Endpoints,  Worst Slack        8.561ns,  Total Violation        0.000ns
Hold  :               Failing Endpoints,  Worst Slack               ,  Total Violation             
---------------------------------------------------------------------------------------------------


Max Delay Paths
--------------------------------------------------------------------------------------
Slack (MET) :             8.561ns  (required time - arrival time)
  Source:                 design_1_i/axi_tft_0/U0/TFT_CTRL_I/LINE_BUFFER_U4/RAM/USE_2N_DEPTH.V6_S6_AND_LATER.I_ASYNC_FIFO_BRAM/inst_fifo_gen/gconvfifo.rf/grf.rf/gntv_or_sync_fifo.gcx.clkx/wr_pntr_gc_reg[3]/C
                            (rising edge-triggered cell FDCE clocked by clk_fpga_0)
  Destination:            design_1_i/axi_tft_0/U0/TFT_CTRL_I/LINE_BUFFER_U4/RAM/USE_2N_DEPTH.V6_S6_AND_LATER.I_ASYNC_FIFO_BRAM/inst_fifo_gen/gconvfifo.rf/grf.rf/gntv_or_sync_fifo.gcx.clkx/gsync_stage[1].rd_stg_inst/Q_reg_reg[3]/D
                            (rising edge-triggered cell FDCE clocked by clk_fpga_1)
  Path Group:             clk_fpga_1
  Path Type:              Setup (Max at Slow Process Corner)
  Requirement:            10.000ns  (MaxDelay Path 10.000ns)
  Data Path Delay:        1.220ns  (logic 0.419ns (34.353%)  route 0.801ns (65.647%))
  Logic Levels:           0  
  Timing Exception:       MaxDelay Path 10.000ns -datapath_only

    Location             Delay type                Incr(ns)  Path(ns)    Netlist Resource(s)
  -------------------------------------------------------------------    -------------------
    SLICE_X53Y113                                     0.000     0.000 r  design_1_i/axi_tft_0/U0/TFT_CTRL_I/LINE_BUFFER_U4/RAM/USE_2N_DEPTH.V6_S6_AND_LATER.I_ASYNC_FIFO_BRAM/inst_fifo_gen/gconvfifo.rf/grf.rf/gntv_or_sync_fifo.gcx.clkx/wr_pntr_gc_reg[3]/C
    SLICE_X53Y113        FDCE (Prop_fdce_C_Q)         0.419     0.419 r  design_1_i/axi_tft_0/U0/TFT_CTRL_I/LINE_BUFFER_U4/RAM/USE_2N_DEPTH.V6_S6_AND_LATER.I_ASYNC_FIFO_BRAM/inst_fifo_gen/gconvfifo.rf/grf.rf/gntv_or_sync_fifo.gcx.clkx/wr_pntr_gc_reg[3]/Q
                         net (fo=1, routed)           0.801     1.220    design_1_i/axi_tft_0/U0/TFT_CTRL_I/LINE_BUFFER_U4/RAM/USE_2N_DEPTH.V6_S6_AND_LATER.I_ASYNC_FIFO_BRAM/inst_fifo_gen/gconvfifo.rf/grf.rf/gntv_or_sync_fifo.gcx.clkx/gsync_stage[1].rd_stg_inst/I1[3]
    SLICE_X53Y114        FDCE                                         r  design_1_i/axi_tft_0/U0/TFT_CTRL_I/LINE_BUFFER_U4/RAM/USE_2N_DEPTH.V6_S6_AND_LATER.I_ASYNC_FIFO_BRAM/inst_fifo_gen/gconvfifo.rf/grf.rf/gntv_or_sync_fifo.gcx.clkx/gsync_stage[1].rd_stg_inst/Q_reg_reg[3]/D
  -------------------------------------------------------------------    -------------------

                         max delay                   10.000    10.000    
    SLICE_X53Y114        FDCE (Setup_fdce_C_D)       -0.219     9.781    design_1_i/axi_tft_0/U0/TFT_CTRL_I/LINE_BUFFER_U4/RAM/USE_2N_DEPTH.V6_S6_AND_LATER.I_ASYNC_FIFO_BRAM/inst_fifo_gen/gconvfifo.rf/grf.rf/gntv_or_sync_fifo.gcx.clkx/gsync_stage[1].rd_stg_inst/Q_reg_reg[3]
  -------------------------------------------------------------------
                         required time                          9.781    
                         arrival time                          -1.220    
  -------------------------------------------------------------------
                         slack                                  8.561    





---------------------------------------------------------------------------------------------------
Path Group:  **async_default**
From Clock:  clk_fpga_0
  To Clock:  clk_fpga_0

Setup :            0  Failing Endpoints,  Worst Slack        3.075ns,  Total Violation        0.000ns
Hold  :            0  Failing Endpoints,  Worst Slack        0.368ns,  Total Violation        0.000ns
---------------------------------------------------------------------------------------------------


Max Delay Paths
--------------------------------------------------------------------------------------
Slack (MET) :             3.075ns  (required time - arrival time)
  Source:                 design_1_i/rst_processing_system7_0_100M/U0/ACTIVE_LOW_BSR_OUT_DFF[0].interconnect_aresetn_reg[0]/C
                            (rising edge-triggered cell FDRE clocked by clk_fpga_0  {rise@0.000ns fall@5.000ns period=10.000ns})
  Destination:            design_1_i/axi_mem_intercon/m00_couplers/auto_pc/inst/gen_axi4_axi3.axi3_conv_inst/USE_WRITE.write_addr_inst/USE_B_CHANNEL.cmd_b_queue/inst/fifo_gen_inst/inst_fifo_gen/gconvfifo.rf/grf.rf/rstblk/ngwrdrst.grst.g7serrst.rd_rst_asreg_reg/PRE
                            (recovery check against rising-edge clock clk_fpga_0  {rise@0.000ns fall@5.000ns period=10.000ns})
  Path Group:             **async_default**
  Path Type:              Recovery (Max at Slow Process Corner)
  Requirement:            10.000ns  (clk_fpga_0 rise@10.000ns - clk_fpga_0 rise@0.000ns)
  Data Path Delay:        6.502ns  (logic 0.642ns (9.874%)  route 5.860ns (90.126%))
  Logic Levels:           1  (LUT1=1)
  Clock Path Skew:        0.050ns (DCD - SCD + CPR)
    Destination Clock Delay (DCD):    4.158ns = ( 14.158 - 10.000 ) 
    Source Clock Delay      (SCD):    4.536ns
    Clock Pessimism Removal (CPR):    0.428ns
  Clock Uncertainty:      0.154ns  ((TSJ^2 + TIJ^2)^1/2 + DJ) / 2 + PE
    Total System Jitter     (TSJ):    0.071ns
    Total Input Jitter      (TIJ):    0.300ns
    Discrete Jitter          (DJ):    0.000ns
    Phase Error              (PE):    0.000ns

    Location             Delay type                Incr(ns)  Path(ns)    Netlist Resource(s)
  -------------------------------------------------------------------    -------------------
                         (clock clk_fpga_0 rise edge)
                                                      0.000     0.000 r  
    PS7_X0Y0             PS7                          0.000     0.000 r  design_1_i/processing_system7_0/inst/PS7_i/FCLKCLK[0]
                         net (fo=1, routed)           2.782     2.782    design_1_i/processing_system7_0/inst/FCLK_CLK_unbuffered[0]
    BUFGCTRL_X0Y16       BUFG (Prop_bufg_I_O)         0.101     2.883 r  design_1_i/processing_system7_0/inst/buffer_fclk_clk_0.FCLK_CLK_0_BUFG/O
                         net (fo=6250, routed)        1.653     4.536    design_1_i/rst_processing_system7_0_100M/U0/slowest_sync_clk
    SLICE_X38Y97                                                      r  design_1_i/rst_processing_system7_0_100M/U0/ACTIVE_LOW_BSR_OUT_DFF[0].interconnect_aresetn_reg[0]/C
  -------------------------------------------------------------------    -------------------
    SLICE_X38Y97         FDRE (Prop_fdre_C_Q)         0.518     5.054 r  design_1_i/rst_processing_system7_0_100M/U0/ACTIVE_LOW_BSR_OUT_DFF[0].interconnect_aresetn_reg[0]/Q
                         net (fo=18, routed)          2.584     7.638    design_1_i/axi_mem_intercon/m00_couplers/auto_pc/inst/gen_axi4_axi3.axi3_conv_inst/USE_WRITE.write_addr_inst/USE_B_CHANNEL.cmd_b_queue/inst/aresetn
    SLICE_X38Y127        LUT1 (Prop_lut1_I0_O)        0.124     7.762 f  design_1_i/axi_mem_intercon/m00_couplers/auto_pc/inst/gen_axi4_axi3.axi3_conv_inst/USE_WRITE.write_addr_inst/USE_B_CHANNEL.cmd_b_queue/inst/S_AXI_AID_Q[1]_i_1/O
                         net (fo=291, routed)         3.277    11.038    design_1_i/axi_mem_intercon/m00_couplers/auto_pc/inst/gen_axi4_axi3.axi3_conv_inst/USE_WRITE.write_addr_inst/USE_B_CHANNEL.cmd_b_queue/inst/fifo_gen_inst/inst_fifo_gen/gconvfifo.rf/grf.rf/rstblk/rst
    SLICE_X26Y134        FDPE                                         f  design_1_i/axi_mem_intercon/m00_couplers/auto_pc/inst/gen_axi4_axi3.axi3_conv_inst/USE_WRITE.write_addr_inst/USE_B_CHANNEL.cmd_b_queue/inst/fifo_gen_inst/inst_fifo_gen/gconvfifo.rf/grf.rf/rstblk/ngwrdrst.grst.g7serrst.rd_rst_asreg_reg/PRE
  -------------------------------------------------------------------    -------------------

                         (clock clk_fpga_0 rise edge)
                                                     10.000    10.000 r  
    PS7_X0Y0             PS7                          0.000    10.000 r  design_1_i/processing_system7_0/inst/PS7_i/FCLKCLK[0]
                         net (fo=1, routed)           2.378    12.378    design_1_i/processing_system7_0/inst/FCLK_CLK_unbuffered[0]
    BUFGCTRL_X0Y16       BUFG (Prop_bufg_I_O)         0.091    12.469 r  design_1_i/processing_system7_0/inst/buffer_fclk_clk_0.FCLK_CLK_0_BUFG/O
                         net (fo=6250, routed)        1.689    14.158    design_1_i/axi_mem_intercon/m00_couplers/auto_pc/inst/gen_axi4_axi3.axi3_conv_inst/USE_WRITE.write_addr_inst/USE_B_CHANNEL.cmd_b_queue/inst/fifo_gen_inst/inst_fifo_gen/gconvfifo.rf/grf.rf/rstblk/clk
    SLICE_X26Y134                                                     r  design_1_i/axi_mem_intercon/m00_couplers/auto_pc/inst/gen_axi4_axi3.axi3_conv_inst/USE_WRITE.write_addr_inst/USE_B_CHANNEL.cmd_b_queue/inst/fifo_gen_inst/inst_fifo_gen/gconvfifo.rf/grf.rf/rstblk/ngwrdrst.grst.g7serrst.rd_rst_asreg_reg/C
                         clock pessimism              0.428    14.586    
                         clock uncertainty           -0.154    14.432    
    SLICE_X26Y134        FDPE (Recov_fdpe_C_PRE)     -0.319    14.113    design_1_i/axi_mem_intercon/m00_couplers/auto_pc/inst/gen_axi4_axi3.axi3_conv_inst/USE_WRITE.write_addr_inst/USE_B_CHANNEL.cmd_b_queue/inst/fifo_gen_inst/inst_fifo_gen/gconvfifo.rf/grf.rf/rstblk/ngwrdrst.grst.g7serrst.rd_rst_asreg_reg
  -------------------------------------------------------------------
                         required time                         14.113    
                         arrival time                         -11.038    
  -------------------------------------------------------------------
                         slack                                  3.075    





Min Delay Paths
--------------------------------------------------------------------------------------
Slack (MET) :             0.368ns  (arrival time - required time)
  Source:                 design_1_i/axi_mem_intercon/m00_couplers/auto_pc/inst/gen_axi4_axi3.axi3_conv_inst/USE_READ.USE_SPLIT_R.read_addr_inst/USE_R_CHANNEL.cmd_queue/inst/fifo_gen_inst/inst_fifo_gen/gconvfifo.rf/grf.rf/rstblk/ngwrdrst.grst.g7serrst.wr_rst_reg_reg[0]/C
                            (rising edge-triggered cell FDPE clocked by clk_fpga_0  {rise@0.000ns fall@5.000ns period=10.000ns})
  Destination:            design_1_i/axi_mem_intercon/m00_couplers/auto_pc/inst/gen_axi4_axi3.axi3_conv_inst/USE_READ.USE_SPLIT_R.read_addr_inst/USE_R_CHANNEL.cmd_queue/inst/fifo_gen_inst/inst_fifo_gen/gconvfifo.rf/grf.rf/gntv_or_sync_fifo.gl0.wr/gwss.wsts/ram_full_fb_i_reg/CLR
                            (removal check against rising-edge clock clk_fpga_0  {rise@0.000ns fall@5.000ns period=10.000ns})
  Path Group:             **async_default**
  Path Type:              Removal (Min at Fast Process Corner)
  Requirement:            0.000ns  (clk_fpga_0 rise@0.000ns - clk_fpga_0 rise@0.000ns)
  Data Path Delay:        0.314ns  (logic 0.141ns (44.844%)  route 0.173ns (55.156%))
  Logic Levels:           0  
  Clock Path Skew:        0.013ns (DCD - SCD - CPR)
    Destination Clock Delay (DCD):    2.291ns
    Source Clock Delay      (SCD):    1.843ns
    Clock Pessimism Removal (CPR):    0.435ns

    Location             Delay type                Incr(ns)  Path(ns)    Netlist Resource(s)
  -------------------------------------------------------------------    -------------------
                         (clock clk_fpga_0 rise edge)
                                                      0.000     0.000 r  
    PS7_X0Y0             PS7                          0.000     0.000 r  design_1_i/processing_system7_0/inst/PS7_i/FCLKCLK[0]
                         net (fo=1, routed)           1.168     1.168    design_1_i/processing_system7_0/inst/FCLK_CLK_unbuffered[0]
    BUFGCTRL_X0Y16       BUFG (Prop_bufg_I_O)         0.026     1.194 r  design_1_i/processing_system7_0/inst/buffer_fclk_clk_0.FCLK_CLK_0_BUFG/O
                         net (fo=6250, routed)        0.649     1.843    design_1_i/axi_mem_intercon/m00_couplers/auto_pc/inst/gen_axi4_axi3.axi3_conv_inst/USE_READ.USE_SPLIT_R.read_addr_inst/USE_R_CHANNEL.cmd_queue/inst/fifo_gen_inst/inst_fifo_gen/gconvfifo.rf/grf.rf/rstblk/clk
    SLICE_X31Y120                                                     r  design_1_i/axi_mem_intercon/m00_couplers/auto_pc/inst/gen_axi4_axi3.axi3_conv_inst/USE_READ.USE_SPLIT_R.read_addr_inst/USE_R_CHANNEL.cmd_queue/inst/fifo_gen_inst/inst_fifo_gen/gconvfifo.rf/grf.rf/rstblk/ngwrdrst.grst.g7serrst.wr_rst_reg_reg[0]/C
  -------------------------------------------------------------------    -------------------
    SLICE_X31Y120        FDPE (Prop_fdpe_C_Q)         0.141     1.984 f  design_1_i/axi_mem_intercon/m00_couplers/auto_pc/inst/gen_axi4_axi3.axi3_conv_inst/USE_READ.USE_SPLIT_R.read_addr_inst/USE_R_CHANNEL.cmd_queue/inst/fifo_gen_inst/inst_fifo_gen/gconvfifo.rf/grf.rf/rstblk/ngwrdrst.grst.g7serrst.wr_rst_reg_reg[0]/Q
                         net (fo=2, routed)           0.173     2.158    design_1_i/axi_mem_intercon/m00_couplers/auto_pc/inst/gen_axi4_axi3.axi3_conv_inst/USE_READ.USE_SPLIT_R.read_addr_inst/USE_R_CHANNEL.cmd_queue/inst/fifo_gen_inst/inst_fifo_gen/gconvfifo.rf/grf.rf/gntv_or_sync_fifo.gl0.wr/gwss.wsts/Q[0]
    SLICE_X30Y120        FDCE                                         f  design_1_i/axi_mem_intercon/m00_couplers/auto_pc/inst/gen_axi4_axi3.axi3_conv_inst/USE_READ.USE_SPLIT_R.read_addr_inst/USE_R_CHANNEL.cmd_queue/inst/fifo_gen_inst/inst_fifo_gen/gconvfifo.rf/grf.rf/gntv_or_sync_fifo.gl0.wr/gwss.wsts/ram_full_fb_i_reg/CLR
  -------------------------------------------------------------------    -------------------

                         (clock clk_fpga_0 rise edge)
                                                      0.000     0.000 r  
    PS7_X0Y0             PS7                          0.000     0.000 r  design_1_i/processing_system7_0/inst/PS7_i/FCLKCLK[0]
                         net (fo=1, routed)           1.343     1.343    design_1_i/processing_system7_0/inst/FCLK_CLK_unbuffered[0]
    BUFGCTRL_X0Y16       BUFG (Prop_bufg_I_O)         0.029     1.372 r  design_1_i/processing_system7_0/inst/buffer_fclk_clk_0.FCLK_CLK_0_BUFG/O
                         net (fo=6250, routed)        0.919     2.291    design_1_i/axi_mem_intercon/m00_couplers/auto_pc/inst/gen_axi4_axi3.axi3_conv_inst/USE_READ.USE_SPLIT_R.read_addr_inst/USE_R_CHANNEL.cmd_queue/inst/fifo_gen_inst/inst_fifo_gen/gconvfifo.rf/grf.rf/gntv_or_sync_fifo.gl0.wr/gwss.wsts/clk
    SLICE_X30Y120                                                     r  design_1_i/axi_mem_intercon/m00_couplers/auto_pc/inst/gen_axi4_axi3.axi3_conv_inst/USE_READ.USE_SPLIT_R.read_addr_inst/USE_R_CHANNEL.cmd_queue/inst/fifo_gen_inst/inst_fifo_gen/gconvfifo.rf/grf.rf/gntv_or_sync_fifo.gl0.wr/gwss.wsts/ram_full_fb_i_reg/C
                         clock pessimism             -0.435     1.856    
    SLICE_X30Y120        FDCE (Remov_fdce_C_CLR)     -0.067     1.789    design_1_i/axi_mem_intercon/m00_couplers/auto_pc/inst/gen_axi4_axi3.axi3_conv_inst/USE_READ.USE_SPLIT_R.read_addr_inst/USE_R_CHANNEL.cmd_queue/inst/fifo_gen_inst/inst_fifo_gen/gconvfifo.rf/grf.rf/gntv_or_sync_fifo.gl0.wr/gwss.wsts/ram_full_fb_i_reg
  -------------------------------------------------------------------
                         required time                         -1.789    
                         arrival time                           2.158    
  -------------------------------------------------------------------
                         slack                                  0.368    





