Copyright 1986-2014 Xilinx, Inc. All Rights Reserved.
---------------------------------------------------------------------------------------------------------------------------------------------------------
| Tool Version : Vivado v.2014.2 (win64) Build 932637 Wed Jun 11 13:33:10 MDT 2014
| Date         : Fri Nov 13 22:45:35 2015
| Host         : DOU running 64-bit major release  (build 9200)
| Command      : report_timing_summary -warn_on_violation -file design_1_wrapper_timing_summary_routed.rpt -pb design_1_wrapper_timing_summary_routed.pb
| Design       : design_1_wrapper
| Device       : 7z020-clg484
| Speed File   : -1  PRODUCTION 1.10 2014-03-13
---------------------------------------------------------------------------------------------------------------------------------------------------------

Timing Summary Report

------------------------------------------------------------------------------------------------
| Timer Settings
| --------------
------------------------------------------------------------------------------------------------

  Enable Multi Corner Analysis               :  Yes
  Enable Pessimism Removal                   :  Yes
  Pessimism Removal Resolution               :  Nearest Common Node
  Enable Input Delay Default Clock           :  No
  Enable Preset / Clear Arcs                 :  No
  Disable Flight Delays                      :  No

  Corner  Analyze    Analyze    
  Name    Max Paths  Min Paths  
  ------  ---------  ---------  
  Slow    Yes        Yes        
  Fast    Yes        Yes        



check_timing report

Table of Contents
-----------------
1. checking no_clock
2. checking constant clock
3. checking pulse_width_clock
4. checking unconstrained_internal_endpoints
5. checking no_input_delay
6. checking no_output_delay
7. checking multiple_clock
8. checking generated_clocks
9. checking loops
10. checking partial_input_delay
11. checking partial_output_delay
12. checking unexpandable_clocks
13. checking latch_loops

1. checking no_clock
--------------------
 There are 0 register/latch pins with no clock.


2. checking constant clock
--------------------------
 There are 0 register/latch pins with constant_clock.


3. checking pulse_width_clock
-----------------------------
 There are 0 register/latch pins which need pulse_width check


4. checking unconstrained_internal_endpoints
--------------------------------------------
 There are 0 pins that are not constrained for maximum delay.

 There are 0 pins that are not constrained for maximum delay due to constant clock.


5. checking no_input_delay
--------------------------
 There are 0 input ports with no input delay specified.

 There are 0 input ports with no input delay but user has a false path constraint.


6. checking no_output_delay
---------------------------
 There are 14 ports with no output delay specified. (HIGH)

 There are 0 ports with no output delay but user has a false path constraint

 There are 0 ports with no output delay but has a clock definition.


7. checking multiple_clock
--------------------------
 There are 0 register/latch pins with multiple clocks.


8. checking generated_clocks
----------------------------
 There are 0 generated clocks that are not connected to a clock source.


9. checking loops
-----------------
 There are 0 combinational loops in the design.


10. checking partial_input_delay
--------------------------------
 There are 0 input ports with partial input delay specified.


11. checking partial_output_delay
---------------------------------
 There are 0 ports with partial output delay specified.


12. checking unexpandable_clocks
--------------------------------
 There are 0 unexpandable clock pairs.


13. checking latch_loops
------------------------
 There are 0 combinational latch loops in the design through latch input



------------------------------------------------------------------------------------------------
| Design Timing Summary
| ---------------------
------------------------------------------------------------------------------------------------

    WNS(ns)      TNS(ns)  TNS Failing Endpoints  TNS Total Endpoints      WHS(ns)      THS(ns)  THS Failing Endpoints  THS Total Endpoints     WPWS(ns)     TPWS(ns)  TPWS Failing Endpoints  TPWS Total Endpoints  
    -------      -------  ---------------------  -------------------      -------      -------  ---------------------  -------------------     --------     --------  ----------------------  --------------------  
     -2.334     -797.196                    716                15519        0.033        0.000                      0                15501        3.750        0.000                       0                  6821  


Timing constraints are not met.


------------------------------------------------------------------------------------------------
| Clock Summary
| -------------
------------------------------------------------------------------------------------------------

Clock       Waveform(ns)       Period(ns)      Frequency(MHz)
-----       ------------       ----------      --------------
clk_fpga_0  {0.000 5.000}      10.000          100.000         
clk_fpga_1  {0.000 20.000}     40.000          25.000          


------------------------------------------------------------------------------------------------
| Intra Clock Table
| -----------------
------------------------------------------------------------------------------------------------

Clock             WNS(ns)      TNS(ns)  TNS Failing Endpoints  TNS Total Endpoints      WHS(ns)      THS(ns)  THS Failing Endpoints  THS Total Endpoints     WPWS(ns)     TPWS(ns)  TPWS Failing Endpoints  TPWS Total Endpoints  
-----             -------      -------  ---------------------  -------------------      -------      -------  ---------------------  -------------------     --------     --------  ----------------------  --------------------  
clk_fpga_0         -2.334     -797.196                    716                14988        0.033        0.000                      0                14988        3.750        0.000                       0                  6593  
clk_fpga_1         15.892        0.000                      0                  413        0.151        0.000                      0                  413       19.500        0.000                       0                   228  


------------------------------------------------------------------------------------------------
| Inter Clock Table
| -----------------
------------------------------------------------------------------------------------------------

From Clock    To Clock          WNS(ns)      TNS(ns)  TNS Failing Endpoints  TNS Total Endpoints      WHS(ns)      THS(ns)  THS Failing Endpoints  THS Total Endpoints  
----------    --------          -------      -------  ---------------------  -------------------      -------      -------  ---------------------  -------------------  
clk_fpga_1    clk_fpga_0         38.452        0.000                      0                    9                                                                        
clk_fpga_0    clk_fpga_1          8.341        0.000                      0                    9                                                                        


------------------------------------------------------------------------------------------------
| Other Path Groups Table
| -----------------------
------------------------------------------------------------------------------------------------

Path Group         From Clock         To Clock               WNS(ns)      TNS(ns)  TNS Failing Endpoints  TNS Total Endpoints      WHS(ns)      THS(ns)  THS Failing Endpoints  THS Total Endpoints  
----------         ----------         --------               -------      -------  ---------------------  -------------------      -------      -------  ---------------------  -------------------  
**async_default**  clk_fpga_0         clk_fpga_0               4.468        0.000                      0                  100        0.333        0.000                      0                  100  


------------------------------------------------------------------------------------------------
| Timing Details
| --------------
------------------------------------------------------------------------------------------------


---------------------------------------------------------------------------------------------------
From Clock:  clk_fpga_0
  To Clock:  clk_fpga_0

Setup :          716  Failing Endpoints,  Worst Slack       -2.334ns,  Total Violation     -797.196ns
Hold  :            0  Failing Endpoints,  Worst Slack        0.033ns,  Total Violation        0.000ns
PW    :            0  Failing Endpoints,  Worst Slack        3.750ns,  Total Violation        0.000ns
---------------------------------------------------------------------------------------------------


Max Delay Paths
--------------------------------------------------------------------------------------
Slack (VIOLATED) :        -2.334ns  (required time - arrival time)
  Source:                 design_1_i/myip_0/U0/Key_round_reg[3]/C
                            (rising edge-triggered cell FDRE clocked by clk_fpga_0  {rise@0.000ns fall@5.000ns period=10.000ns})
  Destination:            design_1_i/myip_0/U0/expansion_key_reg[173][0]/D
                            (rising edge-triggered cell FDRE clocked by clk_fpga_0  {rise@0.000ns fall@5.000ns period=10.000ns})
  Path Group:             clk_fpga_0
  Path Type:              Setup (Max at Slow Process Corner)
  Requirement:            10.000ns  (clk_fpga_0 rise@10.000ns - clk_fpga_0 rise@0.000ns)
  Data Path Delay:        11.921ns  (logic 3.070ns (25.754%)  route 8.851ns (74.246%))
  Logic Levels:           15  (LUT4=2 LUT5=3 LUT6=7 MUXF7=2 MUXF8=1)
  Clock Path Skew:        -0.290ns (DCD - SCD + CPR)
    Destination Clock Delay (DCD):    4.078ns = ( 14.078 - 10.000 ) 
    Source Clock Delay      (SCD):    4.796ns
    Clock Pessimism Removal (CPR):    0.428ns
  Clock Uncertainty:      0.154ns  ((TSJ^2 + TIJ^2)^1/2 + DJ) / 2 + PE
    Total System Jitter     (TSJ):    0.071ns
    Total Input Jitter      (TIJ):    0.300ns
    Discrete Jitter          (DJ):    0.000ns
    Phase Error              (PE):    0.000ns

    Location             Delay type                Incr(ns)  Path(ns)    Netlist Resource(s)
  -------------------------------------------------------------------    -------------------
                         (clock clk_fpga_0 rise edge)
                                                      0.000     0.000 r  
    PS7_X0Y0             PS7                          0.000     0.000 r  design_1_i/processing_system7_0/inst/PS7_i/FCLKCLK[0]
                         net (fo=1, routed)           2.782     2.782    design_1_i/processing_system7_0/inst/FCLK_CLK_unbuffered[0]
    BUFGCTRL_X0Y16       BUFG (Prop_bufg_I_O)         0.101     2.883 r  design_1_i/processing_system7_0/inst/buffer_fclk_clk_0.FCLK_CLK_0_BUFG/O
                         net (fo=6594, routed)        1.913     4.796    design_1_i/myip_0/U0/ACLK
    SLICE_X85Y105                                                     r  design_1_i/myip_0/U0/Key_round_reg[3]/C
  -------------------------------------------------------------------    -------------------
    SLICE_X85Y105        FDRE (Prop_fdre_C_Q)         0.456     5.252 r  design_1_i/myip_0/U0/Key_round_reg[3]/Q
                         net (fo=1131, routed)        0.813     6.065    design_1_i/myip_0/U0/n_0_Key_round_reg[3]
    SLICE_X87Y104        LUT4 (Prop_lut4_I0_O)        0.124     6.189 r  design_1_i/myip_0/U0/g0_b0_i_35/O
                         net (fo=98, routed)          1.233     7.423    design_1_i/myip_0/U0/n_0_g0_b0_i_35
    SLICE_X91Y111        LUT6 (Prop_lut6_I1_O)        0.124     7.547 r  design_1_i/myip_0/U0/g0_b0_i_47/O
                         net (fo=1, routed)           0.413     7.960    design_1_i/myip_0/U0/n_0_g0_b0_i_47
    SLICE_X91Y110        LUT6 (Prop_lut6_I5_O)        0.124     8.084 r  design_1_i/myip_0/U0/g0_b0_i_33/O
                         net (fo=1, routed)           0.566     8.650    design_1_i/myip_0/U0/n_0_g0_b0_i_33
    SLICE_X90Y111        LUT6 (Prop_lut6_I5_O)        0.124     8.774 r  design_1_i/myip_0/U0/g0_b0_i_10/O
                         net (fo=1, routed)           0.579     9.353    design_1_i/myip_0/U0/n_0_g0_b0_i_10
    SLICE_X92Y110        LUT6 (Prop_lut6_I5_O)        0.124     9.477 r  design_1_i/myip_0/U0/g0_b0_i_1/O
                         net (fo=32, routed)          1.132    10.609    design_1_i/myip_0/U0/n_0_g0_b0_i_1
    SLICE_X99Y109        LUT6 (Prop_lut6_I0_O)        0.124    10.733 r  design_1_i/myip_0/U0/g3_b0/O
                         net (fo=1, routed)           0.000    10.733    design_1_i/myip_0/U0/n_0_g3_b0
    SLICE_X99Y109        MUXF7 (Prop_muxf7_I1_O)      0.217    10.950 r  design_1_i/myip_0/U0/expansion_key_reg[161][0]_i_5/O
                         net (fo=1, routed)           0.000    10.950    design_1_i/myip_0/U0/n_0_expansion_key_reg[161][0]_i_5
    SLICE_X99Y109        MUXF8 (Prop_muxf8_I1_O)      0.094    11.044 r  design_1_i/myip_0/U0/expansion_key_reg[161][0]_i_2/O
                         net (fo=20, routed)          0.836    11.880    design_1_i/myip_0/U0/n_0_expansion_key_reg[161][0]_i_2
    SLICE_X105Y101       LUT4 (Prop_lut4_I0_O)        0.316    12.196 r  design_1_i/myip_0/U0/expansion_key[161][0]_i_1/O
                         net (fo=2, routed)           0.646    12.842    design_1_i/myip_0/U0/n_0_expansion_key[161][0]_i_1
    SLICE_X106Y99        LUT5 (Prop_lut5_I0_O)        0.124    12.966 r  design_1_i/myip_0/U0/expansion_key[165][0]_i_2/O
                         net (fo=3, routed)           0.648    13.614    design_1_i/myip_0/U0/n_0_expansion_key[165][0]_i_2
    SLICE_X107Y98        LUT5 (Prop_lut5_I1_O)        0.152    13.766 r  design_1_i/myip_0/U0/expansion_key[137][0]_i_3/O
                         net (fo=11, routed)          0.701    14.467    design_1_i/myip_0/U0/n_0_expansion_key[137][0]_i_3
    SLICE_X107Y97        LUT5 (Prop_lut5_I3_O)        0.332    14.799 r  design_1_i/myip_0/U0/expansion_key[9][0]_i_2/O
                         net (fo=2, routed)           0.651    15.450    design_1_i/myip_0/U0/n_0_expansion_key[9][0]_i_2
    SLICE_X106Y96        LUT6 (Prop_lut6_I5_O)        0.124    15.574 r  design_1_i/myip_0/U0/expansion_key[141][0]_i_8/O
                         net (fo=1, routed)           0.000    15.574    design_1_i/myip_0/U0/n_0_expansion_key[141][0]_i_8
    SLICE_X106Y96        MUXF7 (Prop_muxf7_I0_O)      0.212    15.786 r  design_1_i/myip_0/U0/expansion_key_reg[141][0]_i_3/O
                         net (fo=11, routed)          0.632    16.418    design_1_i/myip_0/U0/n_0_expansion_key_reg[141][0]_i_3
    SLICE_X105Y95        LUT6 (Prop_lut6_I3_O)        0.299    16.717 r  design_1_i/myip_0/U0/expansion_key[173][0]_i_1/O
                         net (fo=1, routed)           0.000    16.717    design_1_i/myip_0/U0/n_0_expansion_key[173][0]_i_1
    SLICE_X105Y95        FDRE                                         r  design_1_i/myip_0/U0/expansion_key_reg[173][0]/D
  -------------------------------------------------------------------    -------------------

                         (clock clk_fpga_0 rise edge)
                                                     10.000    10.000 r  
    PS7_X0Y0             PS7                          0.000    10.000 r  design_1_i/processing_system7_0/inst/PS7_i/FCLKCLK[0]
                         net (fo=1, routed)           2.378    12.378    design_1_i/processing_system7_0/inst/FCLK_CLK_unbuffered[0]
    BUFGCTRL_X0Y16       BUFG (Prop_bufg_I_O)         0.091    12.469 r  design_1_i/processing_system7_0/inst/buffer_fclk_clk_0.FCLK_CLK_0_BUFG/O
                         net (fo=6594, routed)        1.609    14.078    design_1_i/myip_0/U0/ACLK
    SLICE_X105Y95                                                     r  design_1_i/myip_0/U0/expansion_key_reg[173][0]/C
                         clock pessimism              0.428    14.506    
                         clock uncertainty           -0.154    14.352    
    SLICE_X105Y95        FDRE (Setup_fdre_C_D)        0.031    14.383    design_1_i/myip_0/U0/expansion_key_reg[173][0]
  -------------------------------------------------------------------
                         required time                         14.383    
                         arrival time                         -16.717    
  -------------------------------------------------------------------
                         slack                                 -2.334    





Min Delay Paths
--------------------------------------------------------------------------------------
Slack (MET) :             0.033ns  (arrival time - required time)
  Source:                 design_1_i/axi_dma_0/U0/I_PRMRY_DATAMOVER/GEN_S2MM_FULL.I_S2MM_FULL_WRAPPER/GEN_INCLUDE_REALIGNER.I_S2MM_REALIGNER/GEN_INCLUDE_SCATTER.I_S2MM_SCATTER/I_MSSAI_SKID_BUF/sig_data_reg_out_reg[26]/C
                            (rising edge-triggered cell FDRE clocked by clk_fpga_0  {rise@0.000ns fall@5.000ns period=10.000ns})
  Destination:            design_1_i/axi_dma_0/U0/I_PRMRY_DATAMOVER/GEN_S2MM_FULL.I_S2MM_FULL_WRAPPER/GEN_ENABLE_INDET_BTT_SF.I_INDET_BTT/I_DATA_FIFO/BLK_MEM.I_SYNC_FIFOGEN_FIFO/FAMILY_SUPPORTED.I_SYNC_FIFO_BRAM/inst_fifo_gen/gconvfifo.rf/grf.rf/gntv_or_sync_fifo.mem/gbm.gbmg.gbmgb.ngecc.bmg/inst_blk_mem_gen/gnativebmg.native_blk_mem_gen/valid.cstr/ramloop[0].ram.r/prim_noinit.ram/DEVICE_7SERIES.NO_BMM_INFO.SDP.WIDE_PRIM36.ram/DIBDI[10]
                            (rising edge-triggered cell RAMB36E1 clocked by clk_fpga_0  {rise@0.000ns fall@5.000ns period=10.000ns})
  Path Group:             clk_fpga_0
  Path Type:              Hold (Min at Fast Process Corner)
  Requirement:            0.000ns  (clk_fpga_0 rise@0.000ns - clk_fpga_0 rise@0.000ns)
  Data Path Delay:        0.247ns  (logic 0.141ns (57.072%)  route 0.106ns (42.928%))
  Logic Levels:           0  
  Clock Path Skew:        0.059ns (DCD - SCD - CPR)
    Destination Clock Delay (DCD):    2.346ns
    Source Clock Delay      (SCD):    1.851ns
    Clock Pessimism Removal (CPR):    0.435ns

    Location             Delay type                Incr(ns)  Path(ns)    Netlist Resource(s)
  -------------------------------------------------------------------    -------------------
                         (clock clk_fpga_0 rise edge)
                                                      0.000     0.000 r  
    PS7_X0Y0             PS7                          0.000     0.000 r  design_1_i/processing_system7_0/inst/PS7_i/FCLKCLK[0]
                         net (fo=1, routed)           1.168     1.168    design_1_i/processing_system7_0/inst/FCLK_CLK_unbuffered[0]
    BUFGCTRL_X0Y16       BUFG (Prop_bufg_I_O)         0.026     1.194 r  design_1_i/processing_system7_0/inst/buffer_fclk_clk_0.FCLK_CLK_0_BUFG/O
                         net (fo=6594, routed)        0.657     1.851    design_1_i/axi_dma_0/U0/I_PRMRY_DATAMOVER/GEN_S2MM_FULL.I_S2MM_FULL_WRAPPER/GEN_INCLUDE_REALIGNER.I_S2MM_REALIGNER/GEN_INCLUDE_SCATTER.I_S2MM_SCATTER/I_MSSAI_SKID_BUF/m_axi_s2mm_aclk
    SLICE_X55Y107                                                     r  design_1_i/axi_dma_0/U0/I_PRMRY_DATAMOVER/GEN_S2MM_FULL.I_S2MM_FULL_WRAPPER/GEN_INCLUDE_REALIGNER.I_S2MM_REALIGNER/GEN_INCLUDE_SCATTER.I_S2MM_SCATTER/I_MSSAI_SKID_BUF/sig_data_reg_out_reg[26]/C
  -------------------------------------------------------------------    -------------------
    SLICE_X55Y107        FDRE (Prop_fdre_C_Q)         0.141     1.992 r  design_1_i/axi_dma_0/U0/I_PRMRY_DATAMOVER/GEN_S2MM_FULL.I_S2MM_FULL_WRAPPER/GEN_INCLUDE_REALIGNER.I_S2MM_REALIGNER/GEN_INCLUDE_SCATTER.I_S2MM_SCATTER/I_MSSAI_SKID_BUF/sig_data_reg_out_reg[26]/Q
                         net (fo=1, routed)           0.106     2.098    design_1_i/axi_dma_0/U0/I_PRMRY_DATAMOVER/GEN_S2MM_FULL.I_S2MM_FULL_WRAPPER/GEN_ENABLE_INDET_BTT_SF.I_INDET_BTT/I_DATA_FIFO/BLK_MEM.I_SYNC_FIFOGEN_FIFO/FAMILY_SUPPORTED.I_SYNC_FIFO_BRAM/inst_fifo_gen/gconvfifo.rf/grf.rf/gntv_or_sync_fifo.mem/gbm.gbmg.gbmgb.ngecc.bmg/inst_blk_mem_gen/gnativebmg.native_blk_mem_gen/valid.cstr/ramloop[0].ram.r/prim_noinit.ram/Q[26]
    RAMB36_X3Y21         RAMB36E1                                     r  design_1_i/axi_dma_0/U0/I_PRMRY_DATAMOVER/GEN_S2MM_FULL.I_S2MM_FULL_WRAPPER/GEN_ENABLE_INDET_BTT_SF.I_INDET_BTT/I_DATA_FIFO/BLK_MEM.I_SYNC_FIFOGEN_FIFO/FAMILY_SUPPORTED.I_SYNC_FIFO_BRAM/inst_fifo_gen/gconvfifo.rf/grf.rf/gntv_or_sync_fifo.mem/gbm.gbmg.gbmgb.ngecc.bmg/inst_blk_mem_gen/gnativebmg.native_blk_mem_gen/valid.cstr/ramloop[0].ram.r/prim_noinit.ram/DEVICE_7SERIES.NO_BMM_INFO.SDP.WIDE_PRIM36.ram/DIBDI[10]
  -------------------------------------------------------------------    -------------------

                         (clock clk_fpga_0 rise edge)
                                                      0.000     0.000 r  
    PS7_X0Y0             PS7                          0.000     0.000 r  design_1_i/processing_system7_0/inst/PS7_i/FCLKCLK[0]
                         net (fo=1, routed)           1.343     1.343    design_1_i/processing_system7_0/inst/FCLK_CLK_unbuffered[0]
    BUFGCTRL_X0Y16       BUFG (Prop_bufg_I_O)         0.029     1.372 r  design_1_i/processing_system7_0/inst/buffer_fclk_clk_0.FCLK_CLK_0_BUFG/O
                         net (fo=6594, routed)        0.973     2.346    design_1_i/axi_dma_0/U0/I_PRMRY_DATAMOVER/GEN_S2MM_FULL.I_S2MM_FULL_WRAPPER/GEN_ENABLE_INDET_BTT_SF.I_INDET_BTT/I_DATA_FIFO/BLK_MEM.I_SYNC_FIFOGEN_FIFO/FAMILY_SUPPORTED.I_SYNC_FIFO_BRAM/inst_fifo_gen/gconvfifo.rf/grf.rf/gntv_or_sync_fifo.mem/gbm.gbmg.gbmgb.ngecc.bmg/inst_blk_mem_gen/gnativebmg.native_blk_mem_gen/valid.cstr/ramloop[0].ram.r/prim_noinit.ram/m_axi_s2mm_aclk
    RAMB36_X3Y21                                                      r  design_1_i/axi_dma_0/U0/I_PRMRY_DATAMOVER/GEN_S2MM_FULL.I_S2MM_FULL_WRAPPER/GEN_ENABLE_INDET_BTT_SF.I_INDET_BTT/I_DATA_FIFO/BLK_MEM.I_SYNC_FIFOGEN_FIFO/FAMILY_SUPPORTED.I_SYNC_FIFO_BRAM/inst_fifo_gen/gconvfifo.rf/grf.rf/gntv_or_sync_fifo.mem/gbm.gbmg.gbmgb.ngecc.bmg/inst_blk_mem_gen/gnativebmg.native_blk_mem_gen/valid.cstr/ramloop[0].ram.r/prim_noinit.ram/DEVICE_7SERIES.NO_BMM_INFO.SDP.WIDE_PRIM36.ram/CLKBWRCLK
                         clock pessimism             -0.435     1.911    
    RAMB36_X3Y21         RAMB36E1 (Hold_ramb36e1_CLKBWRCLK_DIBDI[10])
                                                      0.155     2.066    design_1_i/axi_dma_0/U0/I_PRMRY_DATAMOVER/GEN_S2MM_FULL.I_S2MM_FULL_WRAPPER/GEN_ENABLE_INDET_BTT_SF.I_INDET_BTT/I_DATA_FIFO/BLK_MEM.I_SYNC_FIFOGEN_FIFO/FAMILY_SUPPORTED.I_SYNC_FIFO_BRAM/inst_fifo_gen/gconvfifo.rf/grf.rf/gntv_or_sync_fifo.mem/gbm.gbmg.gbmgb.ngecc.bmg/inst_blk_mem_gen/gnativebmg.native_blk_mem_gen/valid.cstr/ramloop[0].ram.r/prim_noinit.ram/DEVICE_7SERIES.NO_BMM_INFO.SDP.WIDE_PRIM36.ram
  -------------------------------------------------------------------
                         required time                         -2.066    
                         arrival time                           2.098    
  -------------------------------------------------------------------
                         slack                                  0.033    





Pulse Width Checks
--------------------------------------------------------------------------------------
Clock Name:         clk_fpga_0
Waveform:           { 0 5 }
Period:             10.000
Sources:            { design_1_i/processing_system7_0/inst/PS7_i/FCLKCLK[0] }

Check Type        Corner  Lib Pin             Reference Pin  Required  Actual  Slack  Location       Pin
Min Period        n/a     RAMB36E1/CLKARDCLK  n/a            2.944     10.000  7.056  RAMB36_X2Y21   design_1_i/axi_dma_0/U0/I_PRMRY_DATAMOVER/GEN_MM2S_FULL.I_MM2S_FULL_WRAPPER/GEN_INCLUDE_MM2S_SF.I_RD_SF/I_DATA_FIFO/BLK_MEM.I_SYNC_FIFOGEN_FIFO/FAMILY_SUPPORTED.I_SYNC_FIFO_BRAM/inst_fifo_gen/gconvfifo.rf/grf.rf/gntv_or_sync_fifo.mem/gbm.gbmg.gbmgb.ngecc.bmg/inst_blk_mem_gen/gnativebmg.native_blk_mem_gen/valid.cstr/ramloop[0].ram.r/prim_noinit.ram/DEVICE_7SERIES.NO_BMM_INFO.SDP.WIDE_PRIM36.ram/CLKARDCLK
Low Pulse Width   Slow    RAMD32/CLK          n/a            1.250     5.000   3.750  SLICE_X42Y131  design_1_i/axi_mem_intercon/m00_couplers/auto_pc/inst/gen_axi4_axi3.axi3_conv_inst/USE_WRITE.write_addr_inst/USE_B_CHANNEL.cmd_b_queue/inst/fifo_gen_inst/inst_fifo_gen/gconvfifo.rf/grf.rf/gntv_or_sync_fifo.mem/gdm.dm/RAM_reg_0_31_0_4/RAMA/CLK
High Pulse Width  Fast    RAMD32/CLK          n/a            1.250     5.000   3.750  SLICE_X42Y105  design_1_i/axi_dma_0/U0/I_PRMRY_DATAMOVER/GEN_S2MM_FULL.I_S2MM_FULL_WRAPPER/GEN_ENABLE_INDET_BTT_SF.I_INDET_BTT/I_XD_FIFO/NON_BLK_MEM.I_SYNC_FIFOGEN_FIFO/FAMILY_SUPPORTED.I_SYNC_FIFO_BRAM/inst_fifo_gen/gconvfifo.rf/grf.rf/gntv_or_sync_fifo.mem/gdm.dm/RAM_reg_0_7_0_5/RAMA/CLK



---------------------------------------------------------------------------------------------------
From Clock:  clk_fpga_1
  To Clock:  clk_fpga_1

Setup :            0  Failing Endpoints,  Worst Slack       15.892ns,  Total Violation        0.000ns
Hold  :            0  Failing Endpoints,  Worst Slack        0.151ns,  Total Violation        0.000ns
PW    :            0  Failing Endpoints,  Worst Slack       19.500ns,  Total Violation        0.000ns
---------------------------------------------------------------------------------------------------


Max Delay Paths
--------------------------------------------------------------------------------------
Slack (MET) :             15.892ns  (required time - arrival time)
  Source:                 design_1_i/axi_tft_0/U0/TFT_CTRL_I/I2C_DONE_SYNC/GENERATE_LEVEL_P_S_CDC.SINGLE_BIT.CROSS_PLEVEL_IN2SCNDRY_s_level_out_d2/C
                            (rising edge-triggered cell FDRE clocked by clk_fpga_1  {rise@0.000ns fall@20.000ns period=40.000ns})
  Destination:            design_1_i/axi_tft_0/U0/TFT_CTRL_I/TFT_IF_U5/FDS_VSYNC/S
                            (falling edge-triggered cell FDSE clocked by clk_fpga_1  {rise@0.000ns fall@20.000ns period=40.000ns})
  Path Group:             clk_fpga_1
  Path Type:              Setup (Max at Slow Process Corner)
  Requirement:            20.000ns  (clk_fpga_1 fall@20.000ns - clk_fpga_1 rise@0.000ns)
  Data Path Delay:        3.074ns  (logic 0.715ns (23.260%)  route 2.359ns (76.740%))
  Logic Levels:           1  (LUT3=1)
  Clock Path Skew:        -0.007ns (DCD - SCD + CPR)
    Destination Clock Delay (DCD):    3.894ns = ( 23.894 - 20.000 ) 
    Source Clock Delay      (SCD):    4.410ns
    Clock Pessimism Removal (CPR):    0.508ns
  Clock Uncertainty:      0.601ns  ((TSJ^2 + TIJ^2)^1/2 + DJ) / 2 + PE
    Total System Jitter     (TSJ):    0.071ns
    Total Input Jitter      (TIJ):    1.200ns
    Discrete Jitter          (DJ):    0.000ns
    Phase Error              (PE):    0.000ns

    Location             Delay type                Incr(ns)  Path(ns)    Netlist Resource(s)
  -------------------------------------------------------------------    -------------------
                         (clock clk_fpga_1 rise edge)
                                                      0.000     0.000 r  
    PS7_X0Y0             PS7                          0.000     0.000 r  design_1_i/processing_system7_0/inst/PS7_i/FCLKCLK[1]
                         net (fo=1, routed)           2.668     2.668    design_1_i/processing_system7_0/inst/FCLK_CLK_unbuffered[1]
    BUFGCTRL_X0Y17       BUFG (Prop_bufg_I_O)         0.101     2.769 r  design_1_i/processing_system7_0/inst/buffer_fclk_clk_1.FCLK_CLK_1_BUFG/O
                         net (fo=227, routed)         1.641     4.410    design_1_i/axi_tft_0/U0/TFT_CTRL_I/I2C_DONE_SYNC/sys_tft_clk
    SLICE_X39Y68                                                      r  design_1_i/axi_tft_0/U0/TFT_CTRL_I/I2C_DONE_SYNC/GENERATE_LEVEL_P_S_CDC.SINGLE_BIT.CROSS_PLEVEL_IN2SCNDRY_s_level_out_d2/C
  -------------------------------------------------------------------    -------------------
    SLICE_X39Y68         FDRE (Prop_fdre_C_Q)         0.419     4.829 f  design_1_i/axi_tft_0/U0/TFT_CTRL_I/I2C_DONE_SYNC/GENERATE_LEVEL_P_S_CDC.SINGLE_BIT.CROSS_PLEVEL_IN2SCNDRY_s_level_out_d2/Q
                         net (fo=1, routed)           0.669     5.497    design_1_i/axi_tft_0/U0/TFT_CTRL_I/I2C_DONE_SYNC/I2C_done_tft
    SLICE_X39Y68         LUT3 (Prop_lut3_I0_O)        0.296     5.793 r  design_1_i/axi_tft_0/U0/TFT_CTRL_I/I2C_DONE_SYNC/FDS_HSYNC_i_1/O
                         net (fo=48, routed)          1.690     7.484    design_1_i/axi_tft_0/U0/TFT_CTRL_I/TFT_IF_U5/tft_rst
    SLICE_X31Y64         FDSE                                         r  design_1_i/axi_tft_0/U0/TFT_CTRL_I/TFT_IF_U5/FDS_VSYNC/S
  -------------------------------------------------------------------    -------------------

                         (clock clk_fpga_1 fall edge)
                                                     20.000    20.000 f  
    PS7_X0Y0             PS7                          0.000    20.000 f  design_1_i/processing_system7_0/inst/PS7_i/FCLKCLK[1]
                         net (fo=1, routed)           2.284    22.284    design_1_i/processing_system7_0/inst/FCLK_CLK_unbuffered[1]
    BUFGCTRL_X0Y17       BUFG (Prop_bufg_I_O)         0.091    22.375 f  design_1_i/processing_system7_0/inst/buffer_fclk_clk_1.FCLK_CLK_1_BUFG/O
                         net (fo=227, routed)         1.520    23.894    design_1_i/axi_tft_0/U0/TFT_CTRL_I/TFT_IF_U5/I1
    SLICE_X31Y64                                                      r  design_1_i/axi_tft_0/U0/TFT_CTRL_I/TFT_IF_U5/FDS_VSYNC/C  (IS_INVERTED)
                         clock pessimism              0.508    24.403    
                         clock uncertainty           -0.601    23.802    
    SLICE_X31Y64         FDSE (Setup_fdse_C_S)       -0.426    23.376    design_1_i/axi_tft_0/U0/TFT_CTRL_I/TFT_IF_U5/FDS_VSYNC
  -------------------------------------------------------------------
                         required time                         23.376    
                         arrival time                          -7.484    
  -------------------------------------------------------------------
                         slack                                 15.892    





Min Delay Paths
--------------------------------------------------------------------------------------
Slack (MET) :             0.151ns  (arrival time - required time)
  Source:                 design_1_i/axi_tft_0/U0/TFT_CTRL_I/HSYNC_U2/h_p_cnt_reg[5]/C
                            (rising edge-triggered cell FDRE clocked by clk_fpga_1  {rise@0.000ns fall@20.000ns period=40.000ns})
  Destination:            design_1_i/axi_tft_0/U0/TFT_CTRL_I/HSYNC_U2/h_p_cnt_reg[1]/D
                            (rising edge-triggered cell FDRE clocked by clk_fpga_1  {rise@0.000ns fall@20.000ns period=40.000ns})
  Path Group:             clk_fpga_1
  Path Type:              Hold (Min at Fast Process Corner)
  Requirement:            0.000ns  (clk_fpga_1 rise@0.000ns - clk_fpga_1 rise@0.000ns)
  Data Path Delay:        0.285ns  (logic 0.186ns (65.373%)  route 0.099ns (34.627%))
  Logic Levels:           1  (LUT6=1)
  Clock Path Skew:        0.013ns (DCD - SCD - CPR)
    Destination Clock Delay (DCD):    2.138ns
    Source Clock Delay      (SCD):    1.703ns
    Clock Pessimism Removal (CPR):    0.421ns

    Location             Delay type                Incr(ns)  Path(ns)    Netlist Resource(s)
  -------------------------------------------------------------------    -------------------
                         (clock clk_fpga_1 rise edge)
                                                      0.000     0.000 r  
    PS7_X0Y0             PS7                          0.000     0.000 r  design_1_i/processing_system7_0/inst/PS7_i/FCLKCLK[1]
                         net (fo=1, routed)           1.124     1.124    design_1_i/processing_system7_0/inst/FCLK_CLK_unbuffered[1]
    BUFGCTRL_X0Y17       BUFG (Prop_bufg_I_O)         0.026     1.150 r  design_1_i/processing_system7_0/inst/buffer_fclk_clk_1.FCLK_CLK_1_BUFG/O
                         net (fo=227, routed)         0.554     1.703    design_1_i/axi_tft_0/U0/TFT_CTRL_I/HSYNC_U2/sys_tft_clk
    SLICE_X35Y63                                                      r  design_1_i/axi_tft_0/U0/TFT_CTRL_I/HSYNC_U2/h_p_cnt_reg[5]/C
  -------------------------------------------------------------------    -------------------
    SLICE_X35Y63         FDRE (Prop_fdre_C_Q)         0.141     1.844 r  design_1_i/axi_tft_0/U0/TFT_CTRL_I/HSYNC_U2/h_p_cnt_reg[5]/Q
                         net (fo=7, routed)           0.099     1.943    design_1_i/axi_tft_0/U0/TFT_CTRL_I/HSYNC_U2/h_p_cnt[5]
    SLICE_X34Y63         LUT6 (Prop_lut6_I3_O)        0.045     1.988 r  design_1_i/axi_tft_0/U0/TFT_CTRL_I/HSYNC_U2/h_p_cnt[1]_i_1/O
                         net (fo=1, routed)           0.000     1.988    design_1_i/axi_tft_0/U0/TFT_CTRL_I/HSYNC_U2/h_p_cnt_0[1]
    SLICE_X34Y63         FDRE                                         r  design_1_i/axi_tft_0/U0/TFT_CTRL_I/HSYNC_U2/h_p_cnt_reg[1]/D
  -------------------------------------------------------------------    -------------------

                         (clock clk_fpga_1 rise edge)
                                                      0.000     0.000 r  
    PS7_X0Y0             PS7                          0.000     0.000 r  design_1_i/processing_system7_0/inst/PS7_i/FCLKCLK[1]
                         net (fo=1, routed)           1.289     1.289    design_1_i/processing_system7_0/inst/FCLK_CLK_unbuffered[1]
    BUFGCTRL_X0Y17       BUFG (Prop_bufg_I_O)         0.029     1.318 r  design_1_i/processing_system7_0/inst/buffer_fclk_clk_1.FCLK_CLK_1_BUFG/O
                         net (fo=227, routed)         0.820     2.138    design_1_i/axi_tft_0/U0/TFT_CTRL_I/HSYNC_U2/sys_tft_clk
    SLICE_X34Y63                                                      r  design_1_i/axi_tft_0/U0/TFT_CTRL_I/HSYNC_U2/h_p_cnt_reg[1]/C
                         clock pessimism             -0.421     1.716    
    SLICE_X34Y63         FDRE (Hold_fdre_C_D)         0.121     1.837    design_1_i/axi_tft_0/U0/TFT_CTRL_I/HSYNC_U2/h_p_cnt_reg[1]
  -------------------------------------------------------------------
                         required time                         -1.837    
                         arrival time                           1.988    
  -------------------------------------------------------------------
                         slack                                  0.151    





Pulse Width Checks
--------------------------------------------------------------------------------------
Clock Name:         clk_fpga_1
Waveform:           { 0 20 }
Period:             40.000
Sources:            { design_1_i/processing_system7_0/inst/PS7_i/FCLKCLK[1] }

Check Type        Corner  Lib Pin             Reference Pin  Required  Actual  Slack   Location      Pin
Min Period        n/a     RAMB18E1/CLKARDCLK  n/a            2.576     40.000  37.424  RAMB18_X2Y30  design_1_i/axi_tft_0/U0/TFT_CTRL_I/LINE_BUFFER_U4/RAM/USE_2N_DEPTH.V6_S6_AND_LATER.I_ASYNC_FIFO_BRAM/inst_fifo_gen/gconvfifo.rf/grf.rf/gntv_or_sync_fifo.mem/gbm.gbmg.gbmga.ngecc.bmg/inst_blk_mem_gen/gnativebmg.native_blk_mem_gen/valid.cstr/ramloop[0].ram.r/prim_noinit.ram/DEVICE_7SERIES.NO_BMM_INFO.SDP.WIDE_PRIM18.ram/CLKARDCLK
Low Pulse Width   Fast    FDRE/C              n/a            0.500     20.000  19.500  SLICE_X30Y61  design_1_i/axi_tft_0/U0/TFT_CTRL_I/HSYNC_U2/H_pix_cnt_tc_reg/C
High Pulse Width  Fast    FDSE/C              n/a            0.500     20.000  19.500  SLICE_X31Y64  design_1_i/axi_tft_0/U0/TFT_CTRL_I/TFT_IF_U5/FDS_VSYNC/C



---------------------------------------------------------------------------------------------------
From Clock:  clk_fpga_1
  To Clock:  clk_fpga_0

Setup :            0  Failing Endpoints,  Worst Slack       38.452ns,  Total Violation        0.000ns
Hold  :               Failing Endpoints,  Worst Slack               ,  Total Violation             
---------------------------------------------------------------------------------------------------


Max Delay Paths
--------------------------------------------------------------------------------------
Slack (MET) :             38.452ns  (required time - arrival time)
  Source:                 design_1_i/axi_tft_0/U0/TFT_CTRL_I/LINE_BUFFER_U4/RAM/USE_2N_DEPTH.V6_S6_AND_LATER.I_ASYNC_FIFO_BRAM/inst_fifo_gen/gconvfifo.rf/grf.rf/gntv_or_sync_fifo.gcx.clkx/rd_pntr_gc_reg[1]/C
                            (rising edge-triggered cell FDCE clocked by clk_fpga_1)
  Destination:            design_1_i/axi_tft_0/U0/TFT_CTRL_I/LINE_BUFFER_U4/RAM/USE_2N_DEPTH.V6_S6_AND_LATER.I_ASYNC_FIFO_BRAM/inst_fifo_gen/gconvfifo.rf/grf.rf/gntv_or_sync_fifo.gcx.clkx/gsync_stage[1].wr_stg_inst/Q_reg_reg[1]/D
                            (rising edge-triggered cell FDCE clocked by clk_fpga_0)
  Path Group:             clk_fpga_0
  Path Type:              Setup (Max at Slow Process Corner)
  Requirement:            40.000ns  (MaxDelay Path 40.000ns)
  Data Path Delay:        1.315ns  (logic 0.478ns (36.342%)  route 0.837ns (63.658%))
  Logic Levels:           0  
  Timing Exception:       MaxDelay Path 40.000ns -datapath_only

    Location             Delay type                Incr(ns)  Path(ns)    Netlist Resource(s)
  -------------------------------------------------------------------    -------------------
    SLICE_X30Y72                                      0.000     0.000 r  design_1_i/axi_tft_0/U0/TFT_CTRL_I/LINE_BUFFER_U4/RAM/USE_2N_DEPTH.V6_S6_AND_LATER.I_ASYNC_FIFO_BRAM/inst_fifo_gen/gconvfifo.rf/grf.rf/gntv_or_sync_fifo.gcx.clkx/rd_pntr_gc_reg[1]/C
    SLICE_X30Y72         FDCE (Prop_fdce_C_Q)         0.478     0.478 r  design_1_i/axi_tft_0/U0/TFT_CTRL_I/LINE_BUFFER_U4/RAM/USE_2N_DEPTH.V6_S6_AND_LATER.I_ASYNC_FIFO_BRAM/inst_fifo_gen/gconvfifo.rf/grf.rf/gntv_or_sync_fifo.gcx.clkx/rd_pntr_gc_reg[1]/Q
                         net (fo=1, routed)           0.837     1.315    design_1_i/axi_tft_0/U0/TFT_CTRL_I/LINE_BUFFER_U4/RAM/USE_2N_DEPTH.V6_S6_AND_LATER.I_ASYNC_FIFO_BRAM/inst_fifo_gen/gconvfifo.rf/grf.rf/gntv_or_sync_fifo.gcx.clkx/gsync_stage[1].wr_stg_inst/I1[1]
    SLICE_X31Y68         FDCE                                         r  design_1_i/axi_tft_0/U0/TFT_CTRL_I/LINE_BUFFER_U4/RAM/USE_2N_DEPTH.V6_S6_AND_LATER.I_ASYNC_FIFO_BRAM/inst_fifo_gen/gconvfifo.rf/grf.rf/gntv_or_sync_fifo.gcx.clkx/gsync_stage[1].wr_stg_inst/Q_reg_reg[1]/D
  -------------------------------------------------------------------    -------------------

                         max delay                   40.000    40.000    
    SLICE_X31Y68         FDCE (Setup_fdce_C_D)       -0.233    39.767    design_1_i/axi_tft_0/U0/TFT_CTRL_I/LINE_BUFFER_U4/RAM/USE_2N_DEPTH.V6_S6_AND_LATER.I_ASYNC_FIFO_BRAM/inst_fifo_gen/gconvfifo.rf/grf.rf/gntv_or_sync_fifo.gcx.clkx/gsync_stage[1].wr_stg_inst/Q_reg_reg[1]
  -------------------------------------------------------------------
                         required time                         39.767    
                         arrival time                          -1.315    
  -------------------------------------------------------------------
                         slack                                 38.452    





---------------------------------------------------------------------------------------------------
From Clock:  clk_fpga_0
  To Clock:  clk_fpga_1

Setup :            0  Failing Endpoints,  Worst Slack        8.341ns,  Total Violation        0.000ns
Hold  :               Failing Endpoints,  Worst Slack               ,  Total Violation             
---------------------------------------------------------------------------------------------------


Max Delay Paths
--------------------------------------------------------------------------------------
Slack (MET) :             8.341ns  (required time - arrival time)
  Source:                 design_1_i/axi_tft_0/U0/TFT_CTRL_I/LINE_BUFFER_U4/RAM/USE_2N_DEPTH.V6_S6_AND_LATER.I_ASYNC_FIFO_BRAM/inst_fifo_gen/gconvfifo.rf/grf.rf/gntv_or_sync_fifo.gcx.clkx/wr_pntr_gc_reg[7]/C
                            (rising edge-triggered cell FDCE clocked by clk_fpga_0)
  Destination:            design_1_i/axi_tft_0/U0/TFT_CTRL_I/LINE_BUFFER_U4/RAM/USE_2N_DEPTH.V6_S6_AND_LATER.I_ASYNC_FIFO_BRAM/inst_fifo_gen/gconvfifo.rf/grf.rf/gntv_or_sync_fifo.gcx.clkx/gsync_stage[1].rd_stg_inst/Q_reg_reg[7]/D
                            (rising edge-triggered cell FDCE clocked by clk_fpga_1)
  Path Group:             clk_fpga_1
  Path Type:              Setup (Max at Slow Process Corner)
  Requirement:            10.000ns  (MaxDelay Path 10.000ns)
  Data Path Delay:        1.441ns  (logic 0.419ns (29.068%)  route 1.022ns (70.932%))
  Logic Levels:           0  
  Timing Exception:       MaxDelay Path 10.000ns -datapath_only

    Location             Delay type                Incr(ns)  Path(ns)    Netlist Resource(s)
  -------------------------------------------------------------------    -------------------
    SLICE_X31Y74                                      0.000     0.000 r  design_1_i/axi_tft_0/U0/TFT_CTRL_I/LINE_BUFFER_U4/RAM/USE_2N_DEPTH.V6_S6_AND_LATER.I_ASYNC_FIFO_BRAM/inst_fifo_gen/gconvfifo.rf/grf.rf/gntv_or_sync_fifo.gcx.clkx/wr_pntr_gc_reg[7]/C
    SLICE_X31Y74         FDCE (Prop_fdce_C_Q)         0.419     0.419 r  design_1_i/axi_tft_0/U0/TFT_CTRL_I/LINE_BUFFER_U4/RAM/USE_2N_DEPTH.V6_S6_AND_LATER.I_ASYNC_FIFO_BRAM/inst_fifo_gen/gconvfifo.rf/grf.rf/gntv_or_sync_fifo.gcx.clkx/wr_pntr_gc_reg[7]/Q
                         net (fo=1, routed)           1.022     1.441    design_1_i/axi_tft_0/U0/TFT_CTRL_I/LINE_BUFFER_U4/RAM/USE_2N_DEPTH.V6_S6_AND_LATER.I_ASYNC_FIFO_BRAM/inst_fifo_gen/gconvfifo.rf/grf.rf/gntv_or_sync_fifo.gcx.clkx/gsync_stage[1].rd_stg_inst/I1[7]
    SLICE_X31Y73         FDCE                                         r  design_1_i/axi_tft_0/U0/TFT_CTRL_I/LINE_BUFFER_U4/RAM/USE_2N_DEPTH.V6_S6_AND_LATER.I_ASYNC_FIFO_BRAM/inst_fifo_gen/gconvfifo.rf/grf.rf/gntv_or_sync_fifo.gcx.clkx/gsync_stage[1].rd_stg_inst/Q_reg_reg[7]/D
  -------------------------------------------------------------------    -------------------

                         max delay                   10.000    10.000    
    SLICE_X31Y73         FDCE (Setup_fdce_C_D)       -0.218     9.782    design_1_i/axi_tft_0/U0/TFT_CTRL_I/LINE_BUFFER_U4/RAM/USE_2N_DEPTH.V6_S6_AND_LATER.I_ASYNC_FIFO_BRAM/inst_fifo_gen/gconvfifo.rf/grf.rf/gntv_or_sync_fifo.gcx.clkx/gsync_stage[1].rd_stg_inst/Q_reg_reg[7]
  -------------------------------------------------------------------
                         required time                          9.782    
                         arrival time                          -1.441    
  -------------------------------------------------------------------
                         slack                                  8.341    





---------------------------------------------------------------------------------------------------
Path Group:  **async_default**
From Clock:  clk_fpga_0
  To Clock:  clk_fpga_0

Setup :            0  Failing Endpoints,  Worst Slack        4.468ns,  Total Violation        0.000ns
Hold  :            0  Failing Endpoints,  Worst Slack        0.333ns,  Total Violation        0.000ns
---------------------------------------------------------------------------------------------------


Max Delay Paths
--------------------------------------------------------------------------------------
Slack (MET) :             4.468ns  (required time - arrival time)
  Source:                 design_1_i/rst_processing_system7_0_100M/U0/ACTIVE_LOW_BSR_OUT_DFF[0].interconnect_aresetn_reg[0]/C
                            (rising edge-triggered cell FDRE clocked by clk_fpga_0  {rise@0.000ns fall@5.000ns period=10.000ns})
  Destination:            design_1_i/axi_mem_intercon/m00_couplers/auto_pc/inst/gen_axi4_axi3.axi3_conv_inst/USE_WRITE.write_addr_inst/USE_BURSTS.cmd_queue/inst/fifo_gen_inst/inst_fifo_gen/gconvfifo.rf/grf.rf/rstblk/ngwrdrst.grst.g7serrst.wr_rst_asreg_reg/PRE
                            (recovery check against rising-edge clock clk_fpga_0  {rise@0.000ns fall@5.000ns period=10.000ns})
  Path Group:             **async_default**
  Path Type:              Recovery (Max at Slow Process Corner)
  Requirement:            10.000ns  (clk_fpga_0 rise@10.000ns - clk_fpga_0 rise@0.000ns)
  Data Path Delay:        5.067ns  (logic 0.642ns (12.669%)  route 4.425ns (87.331%))
  Logic Levels:           1  (LUT1=1)
  Clock Path Skew:        0.008ns (DCD - SCD + CPR)
    Destination Clock Delay (DCD):    4.116ns = ( 14.116 - 10.000 ) 
    Source Clock Delay      (SCD):    4.536ns
    Clock Pessimism Removal (CPR):    0.428ns
  Clock Uncertainty:      0.154ns  ((TSJ^2 + TIJ^2)^1/2 + DJ) / 2 + PE
    Total System Jitter     (TSJ):    0.071ns
    Total Input Jitter      (TIJ):    0.300ns
    Discrete Jitter          (DJ):    0.000ns
    Phase Error              (PE):    0.000ns

    Location             Delay type                Incr(ns)  Path(ns)    Netlist Resource(s)
  -------------------------------------------------------------------    -------------------
                         (clock clk_fpga_0 rise edge)
                                                      0.000     0.000 r  
    PS7_X0Y0             PS7                          0.000     0.000 r  design_1_i/processing_system7_0/inst/PS7_i/FCLKCLK[0]
                         net (fo=1, routed)           2.782     2.782    design_1_i/processing_system7_0/inst/FCLK_CLK_unbuffered[0]
    BUFGCTRL_X0Y16       BUFG (Prop_bufg_I_O)         0.101     2.883 r  design_1_i/processing_system7_0/inst/buffer_fclk_clk_0.FCLK_CLK_0_BUFG/O
                         net (fo=6594, routed)        1.653     4.536    design_1_i/rst_processing_system7_0_100M/U0/slowest_sync_clk
    SLICE_X34Y99                                                      r  design_1_i/rst_processing_system7_0_100M/U0/ACTIVE_LOW_BSR_OUT_DFF[0].interconnect_aresetn_reg[0]/C
  -------------------------------------------------------------------    -------------------
    SLICE_X34Y99         FDRE (Prop_fdre_C_Q)         0.518     5.054 r  design_1_i/rst_processing_system7_0_100M/U0/ACTIVE_LOW_BSR_OUT_DFF[0].interconnect_aresetn_reg[0]/Q
                         net (fo=18, routed)          1.968     7.023    design_1_i/axi_mem_intercon/m00_couplers/auto_pc/inst/gen_axi4_axi3.axi3_conv_inst/USE_WRITE.write_addr_inst/USE_B_CHANNEL.cmd_b_queue/inst/aresetn
    SLICE_X38Y130        LUT1 (Prop_lut1_I0_O)        0.124     7.147 f  design_1_i/axi_mem_intercon/m00_couplers/auto_pc/inst/gen_axi4_axi3.axi3_conv_inst/USE_WRITE.write_addr_inst/USE_B_CHANNEL.cmd_b_queue/inst/S_AXI_AID_Q[1]_i_1/O
                         net (fo=291, routed)         2.457     9.604    design_1_i/axi_mem_intercon/m00_couplers/auto_pc/inst/gen_axi4_axi3.axi3_conv_inst/USE_WRITE.write_addr_inst/USE_BURSTS.cmd_queue/inst/fifo_gen_inst/inst_fifo_gen/gconvfifo.rf/grf.rf/rstblk/rst
    SLICE_X36Y134        FDPE                                         f  design_1_i/axi_mem_intercon/m00_couplers/auto_pc/inst/gen_axi4_axi3.axi3_conv_inst/USE_WRITE.write_addr_inst/USE_BURSTS.cmd_queue/inst/fifo_gen_inst/inst_fifo_gen/gconvfifo.rf/grf.rf/rstblk/ngwrdrst.grst.g7serrst.wr_rst_asreg_reg/PRE
  -------------------------------------------------------------------    -------------------

                         (clock clk_fpga_0 rise edge)
                                                     10.000    10.000 r  
    PS7_X0Y0             PS7                          0.000    10.000 r  design_1_i/processing_system7_0/inst/PS7_i/FCLKCLK[0]
                         net (fo=1, routed)           2.378    12.378    design_1_i/processing_system7_0/inst/FCLK_CLK_unbuffered[0]
    BUFGCTRL_X0Y16       BUFG (Prop_bufg_I_O)         0.091    12.469 r  design_1_i/processing_system7_0/inst/buffer_fclk_clk_0.FCLK_CLK_0_BUFG/O
                         net (fo=6594, routed)        1.647    14.116    design_1_i/axi_mem_intercon/m00_couplers/auto_pc/inst/gen_axi4_axi3.axi3_conv_inst/USE_WRITE.write_addr_inst/USE_BURSTS.cmd_queue/inst/fifo_gen_inst/inst_fifo_gen/gconvfifo.rf/grf.rf/rstblk/clk
    SLICE_X36Y134                                                     r  design_1_i/axi_mem_intercon/m00_couplers/auto_pc/inst/gen_axi4_axi3.axi3_conv_inst/USE_WRITE.write_addr_inst/USE_BURSTS.cmd_queue/inst/fifo_gen_inst/inst_fifo_gen/gconvfifo.rf/grf.rf/rstblk/ngwrdrst.grst.g7serrst.wr_rst_asreg_reg/C
                         clock pessimism              0.428    14.544    
                         clock uncertainty           -0.154    14.390    
    SLICE_X36Y134        FDPE (Recov_fdpe_C_PRE)     -0.319    14.071    design_1_i/axi_mem_intercon/m00_couplers/auto_pc/inst/gen_axi4_axi3.axi3_conv_inst/USE_WRITE.write_addr_inst/USE_BURSTS.cmd_queue/inst/fifo_gen_inst/inst_fifo_gen/gconvfifo.rf/grf.rf/rstblk/ngwrdrst.grst.g7serrst.wr_rst_asreg_reg
  -------------------------------------------------------------------
                         required time                         14.071    
                         arrival time                          -9.604    
  -------------------------------------------------------------------
                         slack                                  4.468    





Min Delay Paths
--------------------------------------------------------------------------------------
Slack (MET) :             0.333ns  (arrival time - required time)
  Source:                 design_1_i/axi_mem_intercon/m00_couplers/auto_pc/inst/gen_axi4_axi3.axi3_conv_inst/USE_WRITE.write_addr_inst/USE_B_CHANNEL.cmd_b_queue/inst/fifo_gen_inst/inst_fifo_gen/gconvfifo.rf/grf.rf/rstblk/ngwrdrst.grst.g7serrst.wr_rst_reg_reg[1]/C
                            (rising edge-triggered cell FDPE clocked by clk_fpga_0  {rise@0.000ns fall@5.000ns period=10.000ns})
  Destination:            design_1_i/axi_mem_intercon/m00_couplers/auto_pc/inst/gen_axi4_axi3.axi3_conv_inst/USE_WRITE.write_addr_inst/USE_B_CHANNEL.cmd_b_queue/inst/fifo_gen_inst/inst_fifo_gen/gconvfifo.rf/grf.rf/gntv_or_sync_fifo.gl0.wr/wpntr/gcc0.gc0.count_d1_reg[0]/CLR
                            (removal check against rising-edge clock clk_fpga_0  {rise@0.000ns fall@5.000ns period=10.000ns})
  Path Group:             **async_default**
  Path Type:              Removal (Min at Fast Process Corner)
  Requirement:            0.000ns  (clk_fpga_0 rise@0.000ns - clk_fpga_0 rise@0.000ns)
  Data Path Delay:        0.255ns  (logic 0.141ns (55.203%)  route 0.114ns (44.797%))
  Logic Levels:           0  
  Clock Path Skew:        0.014ns (DCD - SCD - CPR)
    Destination Clock Delay (DCD):    2.275ns
    Source Clock Delay      (SCD):    1.827ns
    Clock Pessimism Removal (CPR):    0.434ns

    Location             Delay type                Incr(ns)  Path(ns)    Netlist Resource(s)
  -------------------------------------------------------------------    -------------------
                         (clock clk_fpga_0 rise edge)
                                                      0.000     0.000 r  
    PS7_X0Y0             PS7                          0.000     0.000 r  design_1_i/processing_system7_0/inst/PS7_i/FCLKCLK[0]
                         net (fo=1, routed)           1.168     1.168    design_1_i/processing_system7_0/inst/FCLK_CLK_unbuffered[0]
    BUFGCTRL_X0Y16       BUFG (Prop_bufg_I_O)         0.026     1.194 r  design_1_i/processing_system7_0/inst/buffer_fclk_clk_0.FCLK_CLK_0_BUFG/O
                         net (fo=6594, routed)        0.633     1.827    design_1_i/axi_mem_intercon/m00_couplers/auto_pc/inst/gen_axi4_axi3.axi3_conv_inst/USE_WRITE.write_addr_inst/USE_B_CHANNEL.cmd_b_queue/inst/fifo_gen_inst/inst_fifo_gen/gconvfifo.rf/grf.rf/rstblk/clk
    SLICE_X47Y133                                                     r  design_1_i/axi_mem_intercon/m00_couplers/auto_pc/inst/gen_axi4_axi3.axi3_conv_inst/USE_WRITE.write_addr_inst/USE_B_CHANNEL.cmd_b_queue/inst/fifo_gen_inst/inst_fifo_gen/gconvfifo.rf/grf.rf/rstblk/ngwrdrst.grst.g7serrst.wr_rst_reg_reg[1]/C
  -------------------------------------------------------------------    -------------------
    SLICE_X47Y133        FDPE (Prop_fdpe_C_Q)         0.141     1.968 f  design_1_i/axi_mem_intercon/m00_couplers/auto_pc/inst/gen_axi4_axi3.axi3_conv_inst/USE_WRITE.write_addr_inst/USE_B_CHANNEL.cmd_b_queue/inst/fifo_gen_inst/inst_fifo_gen/gconvfifo.rf/grf.rf/rstblk/ngwrdrst.grst.g7serrst.wr_rst_reg_reg[1]/Q
                         net (fo=10, routed)          0.114     2.083    design_1_i/axi_mem_intercon/m00_couplers/auto_pc/inst/gen_axi4_axi3.axi3_conv_inst/USE_WRITE.write_addr_inst/USE_B_CHANNEL.cmd_b_queue/inst/fifo_gen_inst/inst_fifo_gen/gconvfifo.rf/grf.rf/gntv_or_sync_fifo.gl0.wr/wpntr/I2[0]
    SLICE_X45Y133        FDCE                                         f  design_1_i/axi_mem_intercon/m00_couplers/auto_pc/inst/gen_axi4_axi3.axi3_conv_inst/USE_WRITE.write_addr_inst/USE_B_CHANNEL.cmd_b_queue/inst/fifo_gen_inst/inst_fifo_gen/gconvfifo.rf/grf.rf/gntv_or_sync_fifo.gl0.wr/wpntr/gcc0.gc0.count_d1_reg[0]/CLR
  -------------------------------------------------------------------    -------------------

                         (clock clk_fpga_0 rise edge)
                                                      0.000     0.000 r  
    PS7_X0Y0             PS7                          0.000     0.000 r  design_1_i/processing_system7_0/inst/PS7_i/FCLKCLK[0]
                         net (fo=1, routed)           1.343     1.343    design_1_i/processing_system7_0/inst/FCLK_CLK_unbuffered[0]
    BUFGCTRL_X0Y16       BUFG (Prop_bufg_I_O)         0.029     1.372 r  design_1_i/processing_system7_0/inst/buffer_fclk_clk_0.FCLK_CLK_0_BUFG/O
                         net (fo=6594, routed)        0.903     2.275    design_1_i/axi_mem_intercon/m00_couplers/auto_pc/inst/gen_axi4_axi3.axi3_conv_inst/USE_WRITE.write_addr_inst/USE_B_CHANNEL.cmd_b_queue/inst/fifo_gen_inst/inst_fifo_gen/gconvfifo.rf/grf.rf/gntv_or_sync_fifo.gl0.wr/wpntr/clk
    SLICE_X45Y133                                                     r  design_1_i/axi_mem_intercon/m00_couplers/auto_pc/inst/gen_axi4_axi3.axi3_conv_inst/USE_WRITE.write_addr_inst/USE_B_CHANNEL.cmd_b_queue/inst/fifo_gen_inst/inst_fifo_gen/gconvfifo.rf/grf.rf/gntv_or_sync_fifo.gl0.wr/wpntr/gcc0.gc0.count_d1_reg[0]/C
                         clock pessimism             -0.434     1.841    
    SLICE_X45Y133        FDCE (Remov_fdce_C_CLR)     -0.092     1.749    design_1_i/axi_mem_intercon/m00_couplers/auto_pc/inst/gen_axi4_axi3.axi3_conv_inst/USE_WRITE.write_addr_inst/USE_B_CHANNEL.cmd_b_queue/inst/fifo_gen_inst/inst_fifo_gen/gconvfifo.rf/grf.rf/gntv_or_sync_fifo.gl0.wr/wpntr/gcc0.gc0.count_d1_reg[0]
  -------------------------------------------------------------------
                         required time                         -1.749    
                         arrival time                           2.083    
  -------------------------------------------------------------------
                         slack                                  0.333    





